/Users/arnablahiry/miniforge3/envs/phi-so/lib/python3.12/site-packages/physo/task/args_handler.py:94: UserWarning: No units given for input variables, assuming dimensionless units.
  warnings.warn("No units given for input variables, assuming dimensionless units.")
/Users/arnablahiry/miniforge3/envs/phi-so/lib/python3.12/site-packages/physo/task/args_handler.py:106: UserWarning: No units given for root variable, assuming dimensionless units.
  warnings.warn("No units given for root variable, assuming dimensionless units.")
/Users/arnablahiry/miniforge3/envs/phi-so/lib/python3.12/site-packages/physo/task/args_handler.py:126: UserWarning: No units given for fixed constants, assuming dimensionless units.
  warnings.warn("No units given for fixed constants, assuming dimensionless units.")
/Users/arnablahiry/miniforge3/envs/phi-so/lib/python3.12/site-packages/physo/task/args_handler.py:153: UserWarning: No units given for class free constants, assuming dimensionless units.
  warnings.warn("No units given for class free constants, assuming dimensionless units.")
/Users/arnablahiry/miniforge3/envs/phi-so/lib/python3.12/site-packages/physo/physym/prior.py:557: UserWarning: No trigonometric functions detected, (NestedTrigonometryPrior (tokens = [], max nesting level = 2)), this prior will be ignored.
  warnings.warn("No trigonometric functions detected, (%s), this prior will be ignored." % (self))
Loaded 156 samples, targeting bin_8 of 20
y (log10) stats:  min=0.195  max=0.223  mean=0.213  std=0.007
Any NaN in y: False  —  Any NaN in X: False

============================================================
Feature importance for L1_bin8:
Variable  Pearson_r    Abs_r  Mutual_Info
 sigma_8  -0.662659 0.662659     0.327876
 Omega_m  -0.342860 0.342860     0.104437
       w   0.121093 0.121093     0.000000
============================================================


L1NORM_SR_bin8_of20_res0_fp3_lloc10_lscale5_s42 : Starting SR task
  Target:   L1_bin8
  Inputs:   ['Omega_m', 'sigma_8', 'w']
  Samples:  156
  Free consts: ['c0', 'c1', 'c2']
  Operators: ['mul', 'add', 'sub', 'div', 'inv', 'neg', 'n2', 'sqrt', 'exp', 'log']

SR task started...
/Users/arnablahiry/miniforge3/envs/phi-so/lib/python3.12/site-packages/physo/physym/prior.py:557: UserWarning: No trigonometric functions detected, (NestedTrigonometryPrior (tokens = [], max nesting level = 2)), this prior will be ignored.
  warnings.warn("No trigonometric functions detected, (%s), this prior will be ignored." % (self))
=========== Epoch 00000 ===========
-> Time 1.47 s
-> Memory Usage: 528.55 MB

Overall best  at R=0.675673
-> Raw expression : 
               c₂               
────────────────────────────────
   ⎛                          2⎞
   ⎜⎛           c₁           ⎞ ⎟
   ⎜⎜ ───────────────────────⎟ ⎟
   ⎜⎜ σ₈ - (-Ωₘ + c₀ - w + w)⎟ ⎟
   ⎜⎜ℯ                       ⎟ ⎟
log⎜⎜────────────────────────⎟ ⎟
   ⎝⎝           c₀           ⎠ ⎠

Best of epoch at R=0.675673
-> Raw expression : 
               c₂               
────────────────────────────────
   ⎛                          2⎞
   ⎜⎛           c₁           ⎞ ⎟
   ⎜⎜ ───────────────────────⎟ ⎟
   ⎜⎜ σ₈ - (-Ωₘ + c₀ - w + w)⎟ ⎟
   ⎜⎜ℯ                       ⎟ ⎟
log⎜⎜────────────────────────⎟ ⎟
   ⎝⎝           c₀           ⎠ ⎠


/Users/arnablahiry/miniforge3/envs/phi-so/lib/python3.12/site-packages/physo/physym/prior.py:557: UserWarning: No trigonometric functions detected, (NestedTrigonometryPrior (tokens = [], max nesting level = 2)), this prior will be ignored.
  warnings.warn("No trigonometric functions detected, (%s), this prior will be ignored." % (self))
=========== Epoch 00001 ===========
-> Time 43.64 s
-> Memory Usage: 550.25 MB

Overall best  at R=0.675673
-> Raw expression : 
               c₂               
────────────────────────────────
   ⎛                          2⎞
   ⎜⎛           c₁           ⎞ ⎟
   ⎜⎜ ───────────────────────⎟ ⎟
   ⎜⎜ σ₈ - (-Ωₘ + c₀ - w + w)⎟ ⎟
   ⎜⎜ℯ                       ⎟ ⎟
log⎜⎜────────────────────────⎟ ⎟
   ⎝⎝           c₀           ⎠ ⎠

Best of epoch at R=0.618442
-> Raw expression : 
   ⎛          ⎛                   0.5⎞⎞
   ⎜          ⎜         ⎛-Ωₘ + c₀⎞   ⎟⎟
c₁⋅⎜-1.0⋅σ₈ - ⎜-c₀ + c₂⋅⎜────────⎟   ⎟⎟
   ⎝          ⎝         ⎝   c₀   ⎠   ⎠⎠


/Users/arnablahiry/miniforge3/envs/phi-so/lib/python3.12/site-packages/physo/physym/prior.py:557: UserWarning: No trigonometric functions detected, (NestedTrigonometryPrior (tokens = [], max nesting level = 2)), this prior will be ignored.
  warnings.warn("No trigonometric functions detected, (%s), this prior will be ignored." % (self))
=========== Epoch 00002 ===========
-> Time 42.02 s
-> Memory Usage: 572.02 MB

Overall best  at R=0.675673
-> Raw expression : 
               c₂               
────────────────────────────────
   ⎛                          2⎞
   ⎜⎛           c₁           ⎞ ⎟
   ⎜⎜ ───────────────────────⎟ ⎟
   ⎜⎜ σ₈ - (-Ωₘ + c₀ - w + w)⎟ ⎟
   ⎜⎜ℯ                       ⎟ ⎟
log⎜⎜────────────────────────⎟ ⎟
   ⎝⎝           c₀           ⎠ ⎠

Best of epoch at R=0.572568
-> Raw expression : 
                     0.5     
      ⎛     c₂      ⎞        
c₀⋅σ₈⋅⎜─────────────⎟        
      ⎜⎛    c₁     ⎞⎟        
      ⎜⎜c₁⋅ℯ   + c₁⎟⎟        
      ⎜⎜───────────⎟⎟        
      ⎝⎝    c₀     ⎠⎠        
──────────────────────── - c₂
           c₁                


/Users/arnablahiry/miniforge3/envs/phi-so/lib/python3.12/site-packages/physo/physym/prior.py:557: UserWarning: No trigonometric functions detected, (NestedTrigonometryPrior (tokens = [], max nesting level = 2)), this prior will be ignored.
  warnings.warn("No trigonometric functions detected, (%s), this prior will be ignored." % (self))
=========== Epoch 00003 ===========
-> Time 35.83 s
-> Memory Usage: 569.86 MB

Overall best  at R=0.675673
-> Raw expression : 
               c₂               
────────────────────────────────
   ⎛                          2⎞
   ⎜⎛           c₁           ⎞ ⎟
   ⎜⎜ ───────────────────────⎟ ⎟
   ⎜⎜ σ₈ - (-Ωₘ + c₀ - w + w)⎟ ⎟
   ⎜⎜ℯ                       ⎟ ⎟
log⎜⎜────────────────────────⎟ ⎟
   ⎝⎝           c₀           ⎠ ⎠

Best of epoch at R=0.617923
-> Raw expression : 
                                   2
⎛      ⎛   ⎛     ⎛    1.0     ⎞⎞⎞ ⎞ 
⎜- -log⎝c₂⋅⎝Ωₘ - ⎝c₂⋅ℯ    - σ₈⎠⎠⎠ ⎟ 
⎜─────────────────────────────────⎟ 
⎝               c₀                ⎠ 


/Users/arnablahiry/miniforge3/envs/phi-so/lib/python3.12/site-packages/physo/physym/prior.py:557: UserWarning: No trigonometric functions detected, (NestedTrigonometryPrior (tokens = [], max nesting level = 2)), this prior will be ignored.
  warnings.warn("No trigonometric functions detected, (%s), this prior will be ignored." % (self))
=========== Epoch 00004 ===========
-> Time 38.45 s
-> Memory Usage: 425.73 MB

Overall best  at R=0.675673
-> Raw expression : 
               c₂               
────────────────────────────────
   ⎛                          2⎞
   ⎜⎛           c₁           ⎞ ⎟
   ⎜⎜ ───────────────────────⎟ ⎟
   ⎜⎜ σ₈ - (-Ωₘ + c₀ - w + w)⎟ ⎟
   ⎜⎜ℯ                       ⎟ ⎟
log⎜⎜────────────────────────⎟ ⎟
   ⎝⎝           c₀           ⎠ ⎠

Best of epoch at R=0.572674
-> Raw expression : 
        ⎛       σ₈  -c₂⋅σ₈⎞
c₁⋅c₂ - ⎝-c₁ + ℯ  ⋅ℯ      ⎠


/Users/arnablahiry/miniforge3/envs/phi-so/lib/python3.12/site-packages/physo/physym/prior.py:557: UserWarning: No trigonometric functions detected, (NestedTrigonometryPrior (tokens = [], max nesting level = 2)), this prior will be ignored.
  warnings.warn("No trigonometric functions detected, (%s), this prior will be ignored." % (self))
=========== Epoch 00005 ===========
-> Time 41.92 s
-> Memory Usage: 420.41 MB

Overall best  at R=0.675673
-> Raw expression : 
               c₂               
────────────────────────────────
   ⎛                          2⎞
   ⎜⎛           c₁           ⎞ ⎟
   ⎜⎜ ───────────────────────⎟ ⎟
   ⎜⎜ σ₈ - (-Ωₘ + c₀ - w + w)⎟ ⎟
   ⎜⎜ℯ                       ⎟ ⎟
log⎜⎜────────────────────────⎟ ⎟
   ⎝⎝           c₀           ⎠ ⎠

Best of epoch at R=0.640999
-> Raw expression : 
          c₀⋅(Ωₘ - c₀⋅c₁ + c₀ + σ₈)      
-c₁ - c₂⋅ℯ                          + 1.0


/Users/arnablahiry/miniforge3/envs/phi-so/lib/python3.12/site-packages/physo/physym/prior.py:557: UserWarning: No trigonometric functions detected, (NestedTrigonometryPrior (tokens = [], max nesting level = 2)), this prior will be ignored.
  warnings.warn("No trigonometric functions detected, (%s), this prior will be ignored." % (self))
=========== Epoch 00006 ===========
-> Time 41.87 s
-> Memory Usage: 409.17 MB

Overall best  at R=0.675673
-> Raw expression : 
               c₂               
────────────────────────────────
   ⎛                          2⎞
   ⎜⎛           c₁           ⎞ ⎟
   ⎜⎜ ───────────────────────⎟ ⎟
   ⎜⎜ σ₈ - (-Ωₘ + c₀ - w + w)⎟ ⎟
   ⎜⎜ℯ                       ⎟ ⎟
log⎜⎜────────────────────────⎟ ⎟
   ⎝⎝           c₀           ⎠ ⎠

Best of epoch at R=0.611274
-> Raw expression : 
    ⎛       2                       ⎞
    ⎜Ωₘ + c₀  - c₀⋅c₁ + c₀ + c₂ + σ₈⎟
-log⎜───────────────────────────────⎟
    ⎝              c₀               ⎠


/Users/arnablahiry/miniforge3/envs/phi-so/lib/python3.12/site-packages/physo/physym/prior.py:557: UserWarning: No trigonometric functions detected, (NestedTrigonometryPrior (tokens = [], max nesting level = 2)), this prior will be ignored.
  warnings.warn("No trigonometric functions detected, (%s), this prior will be ignored." % (self))
=========== Epoch 00007 ===========
-> Time 39.77 s
-> Memory Usage: 424.61 MB

Overall best  at R=0.675673
-> Raw expression : 
               c₂               
────────────────────────────────
   ⎛                          2⎞
   ⎜⎛           c₁           ⎞ ⎟
   ⎜⎜ ───────────────────────⎟ ⎟
   ⎜⎜ σ₈ - (-Ωₘ + c₀ - w + w)⎟ ⎟
   ⎜⎜ℯ                       ⎟ ⎟
log⎜⎜────────────────────────⎟ ⎟
   ⎝⎝           c₀           ⎠ ⎠

Best of epoch at R=0.576811
-> Raw expression : 
   ⎛                             0.5       ⎞
   ⎜  2        ⎛  0.5 ⎛      σ₈⎞⎞          ⎟
log⎝c₀  + c₀ + ⎝c₁   ⋅⎝c₀ + ℯ  ⎠⎠   ⋅1.0⋅c₁⎠


/Users/arnablahiry/miniforge3/envs/phi-so/lib/python3.12/site-packages/physo/physym/prior.py:557: UserWarning: No trigonometric functions detected, (NestedTrigonometryPrior (tokens = [], max nesting level = 2)), this prior will be ignored.
  warnings.warn("No trigonometric functions detected, (%s), this prior will be ignored." % (self))
=========== Epoch 00008 ===========
-> Time 49.45 s
-> Memory Usage: 558.42 MB

Overall best  at R=0.675673
-> Raw expression : 
               c₂               
────────────────────────────────
   ⎛                          2⎞
   ⎜⎛           c₁           ⎞ ⎟
   ⎜⎜ ───────────────────────⎟ ⎟
   ⎜⎜ σ₈ - (-Ωₘ + c₀ - w + w)⎟ ⎟
   ⎜⎜ℯ                       ⎟ ⎟
log⎜⎜────────────────────────⎟ ⎟
   ⎝⎝           c₀           ⎠ ⎠

Best of epoch at R=0.577501
-> Raw expression : 
   ⎛            c₀ - c₁       ⎞
log⎜-c₀ - ────────────────────⎟
   ⎜                        c₀⎟
   ⎝      -(-c₀ + c₂⋅σ₈) + ℯ  ⎠


/Users/arnablahiry/miniforge3/envs/phi-so/lib/python3.12/site-packages/physo/physym/prior.py:557: UserWarning: No trigonometric functions detected, (NestedTrigonometryPrior (tokens = [], max nesting level = 2)), this prior will be ignored.
  warnings.warn("No trigonometric functions detected, (%s), this prior will be ignored." % (self))
=========== Epoch 00009 ===========
-> Time 42.47 s
-> Memory Usage: 419.44 MB

Overall best  at R=0.675673
-> Raw expression : 
               c₂               
────────────────────────────────
   ⎛                          2⎞
   ⎜⎛           c₁           ⎞ ⎟
   ⎜⎜ ───────────────────────⎟ ⎟
   ⎜⎜ σ₈ - (-Ωₘ + c₀ - w + w)⎟ ⎟
   ⎜⎜ℯ                       ⎟ ⎟
log⎜⎜────────────────────────⎟ ⎟
   ⎝⎝           c₀           ⎠ ⎠

Best of epoch at R=0.578759
-> Raw expression : 
c₂ + σ₈⋅(-c₀ - c₁⋅(c₁⋅c₂ - c₂ + σ₈) - 1.0) - 1.0


/Users/arnablahiry/miniforge3/envs/phi-so/lib/python3.12/site-packages/physo/physym/prior.py:557: UserWarning: No trigonometric functions detected, (NestedTrigonometryPrior (tokens = [], max nesting level = 2)), this prior will be ignored.
  warnings.warn("No trigonometric functions detected, (%s), this prior will be ignored." % (self))
=========== Epoch 00010 ===========
-> Time 51.76 s
-> Memory Usage: 555.61 MB

Overall best  at R=0.675673
-> Raw expression : 
               c₂               
────────────────────────────────
   ⎛                          2⎞
   ⎜⎛           c₁           ⎞ ⎟
   ⎜⎜ ───────────────────────⎟ ⎟
   ⎜⎜ σ₈ - (-Ωₘ + c₀ - w + w)⎟ ⎟
   ⎜⎜ℯ                       ⎟ ⎟
log⎜⎜────────────────────────⎟ ⎟
   ⎝⎝           c₀           ⎠ ⎠

Best of epoch at R=0.579204
-> Raw expression : 
                       c₁      
      c₀              ℯ        
────────────── + ──────────────
            σ₈   -c₁ + c₁ + 1.0
-c₁ + c₂ + ℯ                   


/Users/arnablahiry/miniforge3/envs/phi-so/lib/python3.12/site-packages/physo/physym/prior.py:557: UserWarning: No trigonometric functions detected, (NestedTrigonometryPrior (tokens = [], max nesting level = 2)), this prior will be ignored.
  warnings.warn("No trigonometric functions detected, (%s), this prior will be ignored." % (self))
=========== Epoch 00011 ===========
-> Time 47.03 s
-> Memory Usage: 420.27 MB

Overall best  at R=0.675673
-> Raw expression : 
               c₂               
────────────────────────────────
   ⎛                          2⎞
   ⎜⎛           c₁           ⎞ ⎟
   ⎜⎜ ───────────────────────⎟ ⎟
   ⎜⎜ σ₈ - (-Ωₘ + c₀ - w + w)⎟ ⎟
   ⎜⎜ℯ                       ⎟ ⎟
log⎜⎜────────────────────────⎟ ⎟
   ⎝⎝           c₀           ⎠ ⎠

Best of epoch at R=0.601706
-> Raw expression : 
   ⎛      ⎛   ⎛         c₁⎞      ⎞     ⎞
c₁⋅⎝c₁⋅σ₈⋅⎝c₀⋅⎝Ωₘ + c₂⋅ℯ  ⎠ + 1.0⎠ + c₂⎠


/Users/arnablahiry/miniforge3/envs/phi-so/lib/python3.12/site-packages/physo/physym/prior.py:557: UserWarning: No trigonometric functions detected, (NestedTrigonometryPrior (tokens = [], max nesting level = 2)), this prior will be ignored.
  warnings.warn("No trigonometric functions detected, (%s), this prior will be ignored." % (self))
=========== Epoch 00012 ===========
-> Time 58.75 s
-> Memory Usage: 574.28 MB

Overall best  at R=0.675673
-> Raw expression : 
               c₂               
────────────────────────────────
   ⎛                          2⎞
   ⎜⎛           c₁           ⎞ ⎟
   ⎜⎜ ───────────────────────⎟ ⎟
   ⎜⎜ σ₈ - (-Ωₘ + c₀ - w + w)⎟ ⎟
   ⎜⎜ℯ                       ⎟ ⎟
log⎜⎜────────────────────────⎟ ⎟
   ⎝⎝           c₀           ⎠ ⎠

Best of epoch at R=0.611896
-> Raw expression : 
              ⎛      c₀⋅(Ωₘ + σ₈)     ⎞
c₁ - c₂ - 1.0⋅⎜-c₀ + ──────────── + c₁⎟
              ⎝           c₂          ⎠


/Users/arnablahiry/miniforge3/envs/phi-so/lib/python3.12/site-packages/physo/physym/prior.py:557: UserWarning: No trigonometric functions detected, (NestedTrigonometryPrior (tokens = [], max nesting level = 2)), this prior will be ignored.
  warnings.warn("No trigonometric functions detected, (%s), this prior will be ignored." % (self))
=========== Epoch 00013 ===========
-> Time 77.11 s
-> Memory Usage: 574.03 MB

Overall best  at R=0.675673
-> Raw expression : 
               c₂               
────────────────────────────────
   ⎛                          2⎞
   ⎜⎛           c₁           ⎞ ⎟
   ⎜⎜ ───────────────────────⎟ ⎟
   ⎜⎜ σ₈ - (-Ωₘ + c₀ - w + w)⎟ ⎟
   ⎜⎜ℯ                       ⎟ ⎟
log⎜⎜────────────────────────⎟ ⎟
   ⎝⎝           c₀           ⎠ ⎠

Best of epoch at R=0.578862
-> Raw expression : 
    σ₈⋅(c₀⋅(-c₁ + c₁ + c₁ + σ₈) + c₂ + σ₈ + σ₈)
c₁⋅ℯ                                           


/Users/arnablahiry/miniforge3/envs/phi-so/lib/python3.12/site-packages/physo/physym/prior.py:557: UserWarning: No trigonometric functions detected, (NestedTrigonometryPrior (tokens = [], max nesting level = 2)), this prior will be ignored.
  warnings.warn("No trigonometric functions detected, (%s), this prior will be ignored." % (self))
=========== Epoch 00014 ===========
-> Time 71.88 s
-> Memory Usage: 424.58 MB

Overall best  at R=0.675673
-> Raw expression : 
               c₂               
────────────────────────────────
   ⎛                          2⎞
   ⎜⎛           c₁           ⎞ ⎟
   ⎜⎜ ───────────────────────⎟ ⎟
   ⎜⎜ σ₈ - (-Ωₘ + c₀ - w + w)⎟ ⎟
   ⎜⎜ℯ                       ⎟ ⎟
log⎜⎜────────────────────────⎟ ⎟
   ⎝⎝           c₀           ⎠ ⎠

Best of epoch at R=0.625106
-> Raw expression : 
   ⎛       (Ωₘ⋅c₂⋅c₂ - c₀ + c₁ + c₂)⋅c₂⋅1.0⎞
c₁⋅⎝-σ₈ + ℯ                                ⎠


/Users/arnablahiry/miniforge3/envs/phi-so/lib/python3.12/site-packages/physo/physym/prior.py:557: UserWarning: No trigonometric functions detected, (NestedTrigonometryPrior (tokens = [], max nesting level = 2)), this prior will be ignored.
  warnings.warn("No trigonometric functions detected, (%s), this prior will be ignored." % (self))
=========== Epoch 00015 ===========
-> Time 44.99 s
-> Memory Usage: 582.41 MB

Overall best  at R=0.675673
-> Raw expression : 
               c₂               
────────────────────────────────
   ⎛                          2⎞
   ⎜⎛           c₁           ⎞ ⎟
   ⎜⎜ ───────────────────────⎟ ⎟
   ⎜⎜ σ₈ - (-Ωₘ + c₀ - w + w)⎟ ⎟
   ⎜⎜ℯ                       ⎟ ⎟
log⎜⎜────────────────────────⎟ ⎟
   ⎝⎝           c₀           ⎠ ⎠

Best of epoch at R=0.578959
-> Raw expression : 
                  1                   
──────────────────────────────────────
c₀ + c₁⋅(σ₈⋅(-c₂ - c₂ + σ₈) - σ₈) + c₁


/Users/arnablahiry/miniforge3/envs/phi-so/lib/python3.12/site-packages/physo/physym/prior.py:557: UserWarning: No trigonometric functions detected, (NestedTrigonometryPrior (tokens = [], max nesting level = 2)), this prior will be ignored.
  warnings.warn("No trigonometric functions detected, (%s), this prior will be ignored." % (self))
=========== Epoch 00016 ===========
-> Time 69.68 s
-> Memory Usage: 418.58 MB

Overall best  at R=0.675673
-> Raw expression : 
               c₂               
────────────────────────────────
   ⎛                          2⎞
   ⎜⎛           c₁           ⎞ ⎟
   ⎜⎜ ───────────────────────⎟ ⎟
   ⎜⎜ σ₈ - (-Ωₘ + c₀ - w + w)⎟ ⎟
   ⎜⎜ℯ                       ⎟ ⎟
log⎜⎜────────────────────────⎟ ⎟
   ⎝⎝           c₀           ⎠ ⎠

Best of epoch at R=0.618602
-> Raw expression : 
     ⎛        ⎛       c₁⎞                  ⎞
c₀ - ⎝c₂⋅c₂ + ⎝-c₂ + ℯ  ⎠⋅(Ωₘ + c₀⋅σ₈ + c₁)⎠


/Users/arnablahiry/miniforge3/envs/phi-so/lib/python3.12/site-packages/physo/physym/prior.py:557: UserWarning: No trigonometric functions detected, (NestedTrigonometryPrior (tokens = [], max nesting level = 2)), this prior will be ignored.
  warnings.warn("No trigonometric functions detected, (%s), this prior will be ignored." % (self))
=========== Epoch 00017 ===========
-> Time 56.26 s
-> Memory Usage: 417.83 MB

Overall best  at R=0.675673
-> Raw expression : 
               c₂               
────────────────────────────────
   ⎛                          2⎞
   ⎜⎛           c₁           ⎞ ⎟
   ⎜⎜ ───────────────────────⎟ ⎟
   ⎜⎜ σ₈ - (-Ωₘ + c₀ - w + w)⎟ ⎟
   ⎜⎜ℯ                       ⎟ ⎟
log⎜⎜────────────────────────⎟ ⎟
   ⎝⎝           c₀           ⎠ ⎠

Best of epoch at R=0.596317
-> Raw expression : 
        ⎛                                Ωₘ⎞
c₀ + c₂⋅⎝c₁⋅σ₈⋅(c₁ + c₂⋅σ₈) + c₂ + σ₈ + ℯ  ⎠


/Users/arnablahiry/miniforge3/envs/phi-so/lib/python3.12/site-packages/physo/physym/prior.py:557: UserWarning: No trigonometric functions detected, (NestedTrigonometryPrior (tokens = [], max nesting level = 2)), this prior will be ignored.
  warnings.warn("No trigonometric functions detected, (%s), this prior will be ignored." % (self))
=========== Epoch 00018 ===========
-> Time 48.40 s
-> Memory Usage: 419.95 MB

Overall best  at R=0.675673
-> Raw expression : 
               c₂               
────────────────────────────────
   ⎛                          2⎞
   ⎜⎛           c₁           ⎞ ⎟
   ⎜⎜ ───────────────────────⎟ ⎟
   ⎜⎜ σ₈ - (-Ωₘ + c₀ - w + w)⎟ ⎟
   ⎜⎜ℯ                       ⎟ ⎟
log⎜⎜────────────────────────⎟ ⎟
   ⎝⎝           c₀           ⎠ ⎠

Best of epoch at R=0.578765
-> Raw expression : 
              ⎛      c₁⋅σ₈ - c₂ - c₂ + c₂⎞
-c₀ - c₂ - σ₈⋅⎝c₂ - ℯ                    ⎠


/Users/arnablahiry/miniforge3/envs/phi-so/lib/python3.12/site-packages/physo/physym/prior.py:557: UserWarning: No trigonometric functions detected, (NestedTrigonometryPrior (tokens = [], max nesting level = 2)), this prior will be ignored.
  warnings.warn("No trigonometric functions detected, (%s), this prior will be ignored." % (self))
=========== Epoch 00019 ===========
-> Time 43.26 s
-> Memory Usage: 422.08 MB

Overall best  at R=0.675673
-> Raw expression : 
               c₂               
────────────────────────────────
   ⎛                          2⎞
   ⎜⎛           c₁           ⎞ ⎟
   ⎜⎜ ───────────────────────⎟ ⎟
   ⎜⎜ σ₈ - (-Ωₘ + c₀ - w + w)⎟ ⎟
   ⎜⎜ℯ                       ⎟ ⎟
log⎜⎜────────────────────────⎟ ⎟
   ⎝⎝           c₀           ⎠ ⎠

Best of epoch at R=0.594121
-> Raw expression : 
         ⎛       c₂        ⎞    c₂
-c₀ - c₁⋅⎝Ωₘ⋅c₂⋅ℯ   + c₀⋅σ₈⎠ + ℯ  


/Users/arnablahiry/miniforge3/envs/phi-so/lib/python3.12/site-packages/physo/physym/prior.py:557: UserWarning: No trigonometric functions detected, (NestedTrigonometryPrior (tokens = [], max nesting level = 2)), this prior will be ignored.
  warnings.warn("No trigonometric functions detected, (%s), this prior will be ignored." % (self))
=========== Epoch 00020 ===========
-> Time 50.55 s
-> Memory Usage: 387.77 MB

Overall best  at R=0.675673
-> Raw expression : 
               c₂               
────────────────────────────────
   ⎛                          2⎞
   ⎜⎛           c₁           ⎞ ⎟
   ⎜⎜ ───────────────────────⎟ ⎟
   ⎜⎜ σ₈ - (-Ωₘ + c₀ - w + w)⎟ ⎟
   ⎜⎜ℯ                       ⎟ ⎟
log⎜⎜────────────────────────⎟ ⎟
   ⎝⎝           c₀           ⎠ ⎠

Best of epoch at R=0.578782
-> Raw expression : 
      σ₈⋅(c₀ - c₁⋅σ₈ + c₁ + c₂ + σ₈ + σ₈ + σ₈)
c₂ + ℯ                                        


/Users/arnablahiry/miniforge3/envs/phi-so/lib/python3.12/site-packages/physo/physym/prior.py:557: UserWarning: No trigonometric functions detected, (NestedTrigonometryPrior (tokens = [], max nesting level = 2)), this prior will be ignored.
  warnings.warn("No trigonometric functions detected, (%s), this prior will be ignored." % (self))
=========== Epoch 00021 ===========
-> Time 51.17 s
-> Memory Usage: 541.12 MB

Overall best  at R=0.675673
-> Raw expression : 
               c₂               
────────────────────────────────
   ⎛                          2⎞
   ⎜⎛           c₁           ⎞ ⎟
   ⎜⎜ ───────────────────────⎟ ⎟
   ⎜⎜ σ₈ - (-Ωₘ + c₀ - w + w)⎟ ⎟
   ⎜⎜ℯ                       ⎟ ⎟
log⎜⎜────────────────────────⎟ ⎟
   ⎝⎝           c₀           ⎠ ⎠

Best of epoch at R=0.579293
-> Raw expression : 
   ⎛           -c₀ + σ₈⋅(c₁ - σ₈ + σ₈)⎞          
c₁⋅⎝c₁ + σ₈ + ℯ                       ⎠ - c₂ + σ₈


/Users/arnablahiry/miniforge3/envs/phi-so/lib/python3.12/site-packages/physo/physym/prior.py:557: UserWarning: No trigonometric functions detected, (NestedTrigonometryPrior (tokens = [], max nesting level = 2)), this prior will be ignored.
  warnings.warn("No trigonometric functions detected, (%s), this prior will be ignored." % (self))
=========== Epoch 00022 ===========
-> Time 37.94 s
-> Memory Usage: 539.39 MB

Overall best  at R=0.675673
-> Raw expression : 
               c₂               
────────────────────────────────
   ⎛                          2⎞
   ⎜⎛           c₁           ⎞ ⎟
   ⎜⎜ ───────────────────────⎟ ⎟
   ⎜⎜ σ₈ - (-Ωₘ + c₀ - w + w)⎟ ⎟
   ⎜⎜ℯ                       ⎟ ⎟
log⎜⎜────────────────────────⎟ ⎟
   ⎝⎝           c₀           ⎠ ⎠

Best of epoch at R=0.579116
-> Raw expression : 
         ⎛       c₁ - (c₀⋅c₂ + σ₈)⎞          
c₁⋅c₂⋅σ₈⋅⎝-c₂ + ℯ                 ⎠ + c₁ + σ₈


/Users/arnablahiry/miniforge3/envs/phi-so/lib/python3.12/site-packages/physo/physym/prior.py:557: UserWarning: No trigonometric functions detected, (NestedTrigonometryPrior (tokens = [], max nesting level = 2)), this prior will be ignored.
  warnings.warn("No trigonometric functions detected, (%s), this prior will be ignored." % (self))
=========== Epoch 00023 ===========
-> Time 44.82 s
-> Memory Usage: 544.98 MB

Overall best  at R=0.675673
-> Raw expression : 
               c₂               
────────────────────────────────
   ⎛                          2⎞
   ⎜⎛           c₁           ⎞ ⎟
   ⎜⎜ ───────────────────────⎟ ⎟
   ⎜⎜ σ₈ - (-Ωₘ + c₀ - w + w)⎟ ⎟
   ⎜⎜ℯ                       ⎟ ⎟
log⎜⎜────────────────────────⎟ ⎟
   ⎝⎝           c₀           ⎠ ⎠

Best of epoch at R=0.579112
-> Raw expression : 
           -c₂⋅σ₈ - c₂ + c₂ + c₂
           ─────────────────────
                    c₁          
(c₀ + σ₈)⋅ℯ                     
────────────────────────────────
               c₂               


/Users/arnablahiry/miniforge3/envs/phi-so/lib/python3.12/site-packages/physo/physym/prior.py:557: UserWarning: No trigonometric functions detected, (NestedTrigonometryPrior (tokens = [], max nesting level = 2)), this prior will be ignored.
  warnings.warn("No trigonometric functions detected, (%s), this prior will be ignored." % (self))
=========== Epoch 00024 ===========
-> Time 44.13 s
-> Memory Usage: 544.16 MB

Overall best  at R=0.675673
-> Raw expression : 
               c₂               
────────────────────────────────
   ⎛                          2⎞
   ⎜⎛           c₁           ⎞ ⎟
   ⎜⎜ ───────────────────────⎟ ⎟
   ⎜⎜ σ₈ - (-Ωₘ + c₀ - w + w)⎟ ⎟
   ⎜⎜ℯ                       ⎟ ⎟
log⎜⎜────────────────────────⎟ ⎟
   ⎝⎝           c₀           ⎠ ⎠

Best of epoch at R=0.579293
-> Raw expression : 
              ⎛         c₀ + c₁ + c₂ - σ₈⎞
              ⎜     c₁⋅ℯ                 ⎟
-c₂ - c₂ + σ₈⋅⎜c₀ - ─────────────────────⎟
              ⎝              σ₈          ⎠


/Users/arnablahiry/miniforge3/envs/phi-so/lib/python3.12/site-packages/physo/physym/prior.py:557: UserWarning: No trigonometric functions detected, (NestedTrigonometryPrior (tokens = [], max nesting level = 2)), this prior will be ignored.
  warnings.warn("No trigonometric functions detected, (%s), this prior will be ignored." % (self))
=========== Epoch 00025 ===========
-> Time 50.09 s
-> Memory Usage: 551.72 MB

Overall best  at R=0.675673
-> Raw expression : 
               c₂               
────────────────────────────────
   ⎛                          2⎞
   ⎜⎛           c₁           ⎞ ⎟
   ⎜⎜ ───────────────────────⎟ ⎟
   ⎜⎜ σ₈ - (-Ωₘ + c₀ - w + w)⎟ ⎟
   ⎜⎜ℯ                       ⎟ ⎟
log⎜⎜────────────────────────⎟ ⎟
   ⎝⎝           c₀           ⎠ ⎠

Best of epoch at R=0.579207
-> Raw expression : 
          ⎛             0.5            ⎞          
 -c₀ + c₁⋅⎝-σ₈ + (c₀⋅σ₈)    - (c₂ + σ₈)⎠ + c₁ - σ₈
ℯ                                                 


/Users/arnablahiry/miniforge3/envs/phi-so/lib/python3.12/site-packages/physo/physym/prior.py:557: UserWarning: No trigonometric functions detected, (NestedTrigonometryPrior (tokens = [], max nesting level = 2)), this prior will be ignored.
  warnings.warn("No trigonometric functions detected, (%s), this prior will be ignored." % (self))
=========== Epoch 00026 ===========
-> Time 52.04 s
-> Memory Usage: 550.39 MB

Overall best  at R=0.689765
-> Raw expression : 
                1                 
──────────────────────────────────
⎛      ⎛           σ₈    Ωₘ + σ₈⎞⎞
⎜-σ₈ - ⎝c₁ + c₁ + ℯ   + ℯ       ⎠⎟
⎜────────────────────────────────⎟
⎝               c₀               ⎠

Best of epoch at R=0.689765
-> Raw expression : 
                1                 
──────────────────────────────────
⎛      ⎛           σ₈    Ωₘ + σ₈⎞⎞
⎜-σ₈ - ⎝c₁ + c₁ + ℯ   + ℯ       ⎠⎟
⎜────────────────────────────────⎟
⎝               c₀               ⎠


/Users/arnablahiry/miniforge3/envs/phi-so/lib/python3.12/site-packages/physo/physym/prior.py:557: UserWarning: No trigonometric functions detected, (NestedTrigonometryPrior (tokens = [], max nesting level = 2)), this prior will be ignored.
  warnings.warn("No trigonometric functions detected, (%s), this prior will be ignored." % (self))
=========== Epoch 00027 ===========
-> Time 56.17 s
-> Memory Usage: 539.45 MB

Overall best  at R=0.689765
-> Raw expression : 
                1                 
──────────────────────────────────
⎛      ⎛           σ₈    Ωₘ + σ₈⎞⎞
⎜-σ₈ - ⎝c₁ + c₁ + ℯ   + ℯ       ⎠⎟
⎜────────────────────────────────⎟
⎝               c₀               ⎠

Best of epoch at R=0.578899
-> Raw expression : 
                                        2
⎛        ⎛       c₀⋅-σ₈ + c₁ + c₂     ⎞⎞ 
⎝c₂ + σ₈⋅⎝c₀⋅c₂⋅ℯ                 + c₁⎠⎠ 


/Users/arnablahiry/miniforge3/envs/phi-so/lib/python3.12/site-packages/physo/physym/prior.py:557: UserWarning: No trigonometric functions detected, (NestedTrigonometryPrior (tokens = [], max nesting level = 2)), this prior will be ignored.
  warnings.warn("No trigonometric functions detected, (%s), this prior will be ignored." % (self))
=========== Epoch 00028 ===========
-> Time 50.20 s
-> Memory Usage: 551.92 MB

Overall best  at R=0.689765
-> Raw expression : 
                1                 
──────────────────────────────────
⎛      ⎛           σ₈    Ωₘ + σ₈⎞⎞
⎜-σ₈ - ⎝c₁ + c₁ + ℯ   + ℯ       ⎠⎟
⎜────────────────────────────────⎟
⎝               c₀               ⎠

Best of epoch at R=0.578862
-> Raw expression : 
      ⎛                     ⎛  2     ⎞     ⎞
 σ₈ - ⎝c₀ - c₂⋅σ₈⋅(c₁ - c₂)⋅⎝c₂  + σ₈⎠ + σ₈⎠
ℯ                                           


/Users/arnablahiry/miniforge3/envs/phi-so/lib/python3.12/site-packages/physo/physym/prior.py:557: UserWarning: No trigonometric functions detected, (NestedTrigonometryPrior (tokens = [], max nesting level = 2)), this prior will be ignored.
  warnings.warn("No trigonometric functions detected, (%s), this prior will be ignored." % (self))
=========== Epoch 00029 ===========
-> Time 34.43 s
-> Memory Usage: 547.84 MB

Overall best  at R=0.689765
-> Raw expression : 
                1                 
──────────────────────────────────
⎛      ⎛           σ₈    Ωₘ + σ₈⎞⎞
⎜-σ₈ - ⎝c₁ + c₁ + ℯ   + ℯ       ⎠⎟
⎜────────────────────────────────⎟
⎝               c₀               ⎠

Best of epoch at R=0.579219
-> Raw expression : 
          ⎛       σ₈⎞                     
c₁ + c₂ - ⎝-c₁ + ℯ  ⎠⋅(-c₀⋅(c₁ - σ₈) + c₁)


/Users/arnablahiry/miniforge3/envs/phi-so/lib/python3.12/site-packages/physo/physym/prior.py:557: UserWarning: No trigonometric functions detected, (NestedTrigonometryPrior (tokens = [], max nesting level = 2)), this prior will be ignored.
  warnings.warn("No trigonometric functions detected, (%s), this prior will be ignored." % (self))
=========== Epoch 00030 ===========
-> Time 38.85 s
-> Memory Usage: 547.02 MB

Overall best  at R=0.697873
-> Raw expression : 
                                             2
⎛      Ωₘ + c₂ - (c₂⋅c₂⋅(-c₀ + -c₁⋅σ₈) - c₂)⎞ 
⎝c₀ + ℯ                                     ⎠ 

Best of epoch at R=0.697873
-> Raw expression : 
                                             2
⎛      Ωₘ + c₂ - (c₂⋅c₂⋅(-c₀ + -c₁⋅σ₈) - c₂)⎞ 
⎝c₀ + ℯ                                     ⎠ 


/Users/arnablahiry/miniforge3/envs/phi-so/lib/python3.12/site-packages/physo/physym/prior.py:557: UserWarning: No trigonometric functions detected, (NestedTrigonometryPrior (tokens = [], max nesting level = 2)), this prior will be ignored.
  warnings.warn("No trigonometric functions detected, (%s), this prior will be ignored." % (self))
=========== Epoch 00031 ===========
-> Time 43.08 s
-> Memory Usage: 558.20 MB

Overall best  at R=0.697873
-> Raw expression : 
                                             2
⎛      Ωₘ + c₂ - (c₂⋅c₂⋅(-c₀ + -c₁⋅σ₈) - c₂)⎞ 
⎝c₀ + ℯ                                     ⎠ 

Best of epoch at R=0.579116
-> Raw expression : 
          ⎛c₁      ⎞                    
c₀ + c₀ + ⎜─── + c₂⎟⋅(c₁ - σ₈ - σ₈ + σ₈)
          ⎜ σ₈     ⎟                    
          ⎝ℯ       ⎠                    


/Users/arnablahiry/miniforge3/envs/phi-so/lib/python3.12/site-packages/physo/physym/prior.py:557: UserWarning: No trigonometric functions detected, (NestedTrigonometryPrior (tokens = [], max nesting level = 2)), this prior will be ignored.
  warnings.warn("No trigonometric functions detected, (%s), this prior will be ignored." % (self))
=========== Epoch 00032 ===========
-> Time 45.28 s
-> Memory Usage: 554.89 MB

Overall best  at R=0.697873
-> Raw expression : 
                                             2
⎛      Ωₘ + c₂ - (c₂⋅c₂⋅(-c₀ + -c₁⋅σ₈) - c₂)⎞ 
⎝c₀ + ℯ                                     ⎠ 

Best of epoch at R=0.578985
-> Raw expression : 
     ⎛         c₂              ⎞  c₂
c₀ + ⎜──────────────────── - σ₈⎟⋅ℯ  
     ⎜ -c₁⋅σ₈ + c₂⋅σ₈ + σ₈     ⎟    
     ⎝ℯ                        ⎠    


/Users/arnablahiry/miniforge3/envs/phi-so/lib/python3.12/site-packages/physo/physym/prior.py:557: UserWarning: No trigonometric functions detected, (NestedTrigonometryPrior (tokens = [], max nesting level = 2)), this prior will be ignored.
  warnings.warn("No trigonometric functions detected, (%s), this prior will be ignored." % (self))
=========== Epoch 00033 ===========
-> Time 71.44 s
-> Memory Usage: 543.70 MB

Overall best  at R=0.720160
-> Raw expression : 
    ⎛      σ₈ - (-Ωₘ⋅c₀⋅(c₁ + c₂) + c₁)⎞
-log⎝c₂ + ℯ                            ⎠

Best of epoch at R=0.720160
-> Raw expression : 
    ⎛      σ₈ - (-Ωₘ⋅c₀⋅(c₁ + c₂) + c₁)⎞
-log⎝c₂ + ℯ                            ⎠


/Users/arnablahiry/miniforge3/envs/phi-so/lib/python3.12/site-packages/physo/physym/prior.py:557: UserWarning: No trigonometric functions detected, (NestedTrigonometryPrior (tokens = [], max nesting level = 2)), this prior will be ignored.
  warnings.warn("No trigonometric functions detected, (%s), this prior will be ignored." % (self))
=========== Epoch 00034 ===========
-> Time 65.36 s
-> Memory Usage: 549.64 MB

Overall best  at R=0.720160
-> Raw expression : 
    ⎛      σ₈ - (-Ωₘ⋅c₀⋅(c₁ + c₂) + c₁)⎞
-log⎝c₂ + ℯ                            ⎠

Best of epoch at R=0.579464
-> Raw expression : 
        ⎛      ⎛      σ₈ + c₀ - c₁ + σ₈⎞⎞     
- c₁⋅log⎝c₀⋅c₂⋅⎝c₀ + ℯ                 ⎠⎠ + c₂


/Users/arnablahiry/miniforge3/envs/phi-so/lib/python3.12/site-packages/physo/physym/prior.py:557: UserWarning: No trigonometric functions detected, (NestedTrigonometryPrior (tokens = [], max nesting level = 2)), this prior will be ignored.
  warnings.warn("No trigonometric functions detected, (%s), this prior will be ignored." % (self))
=========== Epoch 00035 ===========
-> Time 67.48 s
-> Memory Usage: 359.89 MB

Overall best  at R=0.720160
-> Raw expression : 
    ⎛      σ₈ - (-Ωₘ⋅c₀⋅(c₁ + c₂) + c₁)⎞
-log⎝c₂ + ℯ                            ⎠

Best of epoch at R=0.641121
-> Raw expression : 
                 1                 
───────────────────────────────────
      ⎛ c₁    c₀⋅c₁⋅(Ωₘ + σ₈) - c₁⎞
c₁⋅c₁⋅⎝ℯ   + ℯ                    ⎠


/Users/arnablahiry/miniforge3/envs/phi-so/lib/python3.12/site-packages/physo/physym/prior.py:557: UserWarning: No trigonometric functions detected, (NestedTrigonometryPrior (tokens = [], max nesting level = 2)), this prior will be ignored.
  warnings.warn("No trigonometric functions detected, (%s), this prior will be ignored." % (self))
=========== Epoch 00036 ===========
-> Time 92.74 s
-> Memory Usage: 489.81 MB

Overall best  at R=0.720160
-> Raw expression : 
    ⎛      σ₈ - (-Ωₘ⋅c₀⋅(c₁ + c₂) + c₁)⎞
-log⎝c₂ + ℯ                            ⎠

Best of epoch at R=0.578862
-> Raw expression : 
 -c₀ - c₂ + σ₈⋅(-c₂ + σ₈⋅(c₀ + c₁ + c₂) + σ₈ + σ₈)
ℯ                                                 


/Users/arnablahiry/miniforge3/envs/phi-so/lib/python3.12/site-packages/physo/physym/prior.py:557: UserWarning: No trigonometric functions detected, (NestedTrigonometryPrior (tokens = [], max nesting level = 2)), this prior will be ignored.
  warnings.warn("No trigonometric functions detected, (%s), this prior will be ignored." % (self))
=========== Epoch 00037 ===========
-> Time 104.49 s
-> Memory Usage: 533.00 MB

Overall best  at R=0.720160
-> Raw expression : 
    ⎛      σ₈ - (-Ωₘ⋅c₀⋅(c₁ + c₂) + c₁)⎞
-log⎝c₂ + ℯ                            ⎠

Best of epoch at R=0.579112
-> Raw expression : 
                       -σ₈⋅(c₁ + c₂)
(-c₀ + σ₈⋅(-c₁ + c₂))⋅ℯ             


/Users/arnablahiry/miniforge3/envs/phi-so/lib/python3.12/site-packages/physo/physym/prior.py:557: UserWarning: No trigonometric functions detected, (NestedTrigonometryPrior (tokens = [], max nesting level = 2)), this prior will be ignored.
  warnings.warn("No trigonometric functions detected, (%s), this prior will be ignored." % (self))
=========== Epoch 00038 ===========
-> Time 106.40 s
-> Memory Usage: 538.69 MB

Overall best  at R=0.720160
-> Raw expression : 
    ⎛      σ₈ - (-Ωₘ⋅c₀⋅(c₁ + c₂) + c₁)⎞
-log⎝c₂ + ℯ                            ⎠

Best of epoch at R=0.579116
-> Raw expression : 
           ⎛        ⎛       -1.0⋅(c₀ + σ₈)⎞⎞
-c₁ + c₂ - ⎝c₁ + σ₈⋅⎝-c₂ - ℯ              ⎠⎠


/Users/arnablahiry/miniforge3/envs/phi-so/lib/python3.12/site-packages/physo/physym/prior.py:557: UserWarning: No trigonometric functions detected, (NestedTrigonometryPrior (tokens = [], max nesting level = 2)), this prior will be ignored.
  warnings.warn("No trigonometric functions detected, (%s), this prior will be ignored." % (self))
=========== Epoch 00039 ===========
-> Time 76.96 s
-> Memory Usage: 536.05 MB

Overall best  at R=0.720160
-> Raw expression : 
    ⎛      σ₈ - (-Ωₘ⋅c₀⋅(c₁ + c₂) + c₁)⎞
-log⎝c₂ + ℯ                            ⎠

Best of epoch at R=0.625550
-> Raw expression : 
c₀ - c₂⋅(-c₀ - c₁⋅(-Ωₘ + c₀) + c₂ + σ₈) + c₂


/Users/arnablahiry/miniforge3/envs/phi-so/lib/python3.12/site-packages/physo/physym/prior.py:557: UserWarning: No trigonometric functions detected, (NestedTrigonometryPrior (tokens = [], max nesting level = 2)), this prior will be ignored.
  warnings.warn("No trigonometric functions detected, (%s), this prior will be ignored." % (self))
=========== Epoch 00040 ===========
-> Time 81.33 s
-> Memory Usage: 177.34 MB

Overall best  at R=0.720160
-> Raw expression : 
    ⎛      σ₈ - (-Ωₘ⋅c₀⋅(c₁ + c₂) + c₁)⎞
-log⎝c₂ + ℯ                            ⎠

Best of epoch at R=0.579295
-> Raw expression : 
               ⎛      c₀           ⎞
               ⎜     ──── + c₂ + σ₈⎟
               ⎜       σ₈          ⎟
               ⎜     -ℯ            ⎟
c₁ - c₂ + σ₈ - ⎜c₀ + ──────────────⎟
               ⎝           c₂      ⎠


/Users/arnablahiry/miniforge3/envs/phi-so/lib/python3.12/site-packages/physo/physym/prior.py:557: UserWarning: No trigonometric functions detected, (NestedTrigonometryPrior (tokens = [], max nesting level = 2)), this prior will be ignored.
  warnings.warn("No trigonometric functions detected, (%s), this prior will be ignored." % (self))
=========== Epoch 00041 ===========
-> Time 73.12 s
-> Memory Usage: 541.83 MB

Overall best  at R=0.720160
-> Raw expression : 
    ⎛      σ₈ - (-Ωₘ⋅c₀⋅(c₁ + c₂) + c₁)⎞
-log⎝c₂ + ℯ                            ⎠

Best of epoch at R=0.590234
-> Raw expression : 
                   1                   
───────────────────────────────────────
      c₂ - -σ₈⋅(c₁⋅(-Ωₘ - c₀⋅c₀) - 1.0)
σ₈ + ℯ                                 


/Users/arnablahiry/miniforge3/envs/phi-so/lib/python3.12/site-packages/physo/physym/prior.py:557: UserWarning: No trigonometric functions detected, (NestedTrigonometryPrior (tokens = [], max nesting level = 2)), this prior will be ignored.
  warnings.warn("No trigonometric functions detected, (%s), this prior will be ignored." % (self))
=========== Epoch 00042 ===========
-> Time 67.83 s
-> Memory Usage: 198.80 MB

Overall best  at R=0.720160
-> Raw expression : 
    ⎛      σ₈ - (-Ωₘ⋅c₀⋅(c₁ + c₂) + c₁)⎞
-log⎝c₂ + ℯ                            ⎠

Best of epoch at R=0.578625
-> Raw expression : 
        ⎛    c₀ + c₂⋅σ₈     ⎞
     c₂⋅⎝c₁⋅ℯ           - σ₈⎠
c₀ - ────────────────────────
              c₀⋅c₁          


/Users/arnablahiry/miniforge3/envs/phi-so/lib/python3.12/site-packages/physo/physym/prior.py:557: UserWarning: No trigonometric functions detected, (NestedTrigonometryPrior (tokens = [], max nesting level = 2)), this prior will be ignored.
  warnings.warn("No trigonometric functions detected, (%s), this prior will be ignored." % (self))
=========== Epoch 00043 ===========
-> Time 68.28 s
-> Memory Usage: 536.72 MB

Overall best  at R=0.720160
-> Raw expression : 
    ⎛      σ₈ - (-Ωₘ⋅c₀⋅(c₁ + c₂) + c₁)⎞
-log⎝c₂ + ℯ                            ⎠

Best of epoch at R=0.579295
-> Raw expression : 
                          c₀ - σ₈
-c₂ + σ₈⋅(-c₀⋅c₁ + c₁) - ℯ       


/Users/arnablahiry/miniforge3/envs/phi-so/lib/python3.12/site-packages/physo/physym/prior.py:557: UserWarning: No trigonometric functions detected, (NestedTrigonometryPrior (tokens = [], max nesting level = 2)), this prior will be ignored.
  warnings.warn("No trigonometric functions detected, (%s), this prior will be ignored." % (self))
=========== Epoch 00044 ===========
-> Time 59.57 s
-> Memory Usage: 412.78 MB

Overall best  at R=0.720160
-> Raw expression : 
    ⎛      σ₈ - (-Ωₘ⋅c₀⋅(c₁ + c₂) + c₁)⎞
-log⎝c₂ + ℯ                            ⎠

Best of epoch at R=0.599022
-> Raw expression : 
                c₂      
     c₁ - σ₈ - ℯ        
────────────────────────
Ωₘ + c₂⋅c₁⋅1.0 - c₁ + c₂


/Users/arnablahiry/miniforge3/envs/phi-so/lib/python3.12/site-packages/physo/physym/prior.py:557: UserWarning: No trigonometric functions detected, (NestedTrigonometryPrior (tokens = [], max nesting level = 2)), this prior will be ignored.
  warnings.warn("No trigonometric functions detected, (%s), this prior will be ignored." % (self))
=========== Epoch 00045 ===========
-> Time 64.51 s
-> Memory Usage: 523.52 MB

Overall best  at R=0.720160
-> Raw expression : 
    ⎛      σ₈ - (-Ωₘ⋅c₀⋅(c₁ + c₂) + c₁)⎞
-log⎝c₂ + ℯ                            ⎠

Best of epoch at R=0.578775
-> Raw expression : 
             ⎛     c₀⋅c₂⋅-σ₈     ⎞
c₁ - c₂ + σ₈⋅⎝-c₀⋅ℯ          - c₁⎠


/Users/arnablahiry/miniforge3/envs/phi-so/lib/python3.12/site-packages/physo/physym/prior.py:557: UserWarning: No trigonometric functions detected, (NestedTrigonometryPrior (tokens = [], max nesting level = 2)), this prior will be ignored.
  warnings.warn("No trigonometric functions detected, (%s), this prior will be ignored." % (self))
=========== Epoch 00046 ===========
-> Time 98.25 s
-> Memory Usage: 545.17 MB

Overall best  at R=0.720160
-> Raw expression : 
    ⎛      σ₈ - (-Ωₘ⋅c₀⋅(c₁ + c₂) + c₁)⎞
-log⎝c₂ + ℯ                            ⎠

Best of epoch at R=0.629023
-> Raw expression : 
                          0.5
(-Ωₘ⋅c₀ + c₁⋅σ₈ + c₁ + c₂)   


/Users/arnablahiry/miniforge3/envs/phi-so/lib/python3.12/site-packages/physo/physym/prior.py:557: UserWarning: No trigonometric functions detected, (NestedTrigonometryPrior (tokens = [], max nesting level = 2)), this prior will be ignored.
  warnings.warn("No trigonometric functions detected, (%s), this prior will be ignored." % (self))
=========== Epoch 00047 ===========
-> Time 120.16 s
-> Memory Usage: 538.59 MB

Overall best  at R=0.720160
-> Raw expression : 
    ⎛      σ₈ - (-Ωₘ⋅c₀⋅(c₁ + c₂) + c₁)⎞
-log⎝c₂ + ℯ                            ⎠

Best of epoch at R=0.623490
-> Raw expression : 
     ⎛                              2⎞     
- c₀⋅⎝Ωₘ + c₁ + σ₈ + σ₈ + (c₁⋅c₁⋅σ₈) ⎠ + c₁


/Users/arnablahiry/miniforge3/envs/phi-so/lib/python3.12/site-packages/physo/physym/prior.py:557: UserWarning: No trigonometric functions detected, (NestedTrigonometryPrior (tokens = [], max nesting level = 2)), this prior will be ignored.
  warnings.warn("No trigonometric functions detected, (%s), this prior will be ignored." % (self))
=========== Epoch 00048 ===========
-> Time 87.36 s
-> Memory Usage: 537.06 MB

Overall best  at R=0.720160
-> Raw expression : 
    ⎛      σ₈ - (-Ωₘ⋅c₀⋅(c₁ + c₂) + c₁)⎞
-log⎝c₂ + ℯ                            ⎠

Best of epoch at R=0.579121
-> Raw expression : 
                 c₀ + c₁ + c₂ + σ₈
-c₀ + (c₁ + σ₈)⋅ℯ                 


/Users/arnablahiry/miniforge3/envs/phi-so/lib/python3.12/site-packages/physo/physym/prior.py:557: UserWarning: No trigonometric functions detected, (NestedTrigonometryPrior (tokens = [], max nesting level = 2)), this prior will be ignored.
  warnings.warn("No trigonometric functions detected, (%s), this prior will be ignored." % (self))
=========== Epoch 00049 ===========
-> Time 103.94 s
-> Memory Usage: 532.98 MB

Overall best  at R=0.720160
-> Raw expression : 
    ⎛      σ₈ - (-Ωₘ⋅c₀⋅(c₁ + c₂) + c₁)⎞
-log⎝c₂ + ℯ                            ⎠

Best of epoch at R=0.591415
-> Raw expression : 
          -(c₂ - σ₈)     
c₀⋅c₂⋅───────────────────
               ⎛      c₁⎞
      -c₁ + c₂⋅⎝Ωₘ + ℯ  ⎠


/Users/arnablahiry/miniforge3/envs/phi-so/lib/python3.12/site-packages/physo/physym/prior.py:557: UserWarning: No trigonometric functions detected, (NestedTrigonometryPrior (tokens = [], max nesting level = 2)), this prior will be ignored.
  warnings.warn("No trigonometric functions detected, (%s), this prior will be ignored." % (self))
=========== Epoch 00050 ===========
-> Time 103.28 s
-> Memory Usage: 300.59 MB

Overall best  at R=0.720160
-> Raw expression : 
    ⎛      σ₈ - (-Ωₘ⋅c₀⋅(c₁ + c₂) + c₁)⎞
-log⎝c₂ + ℯ                            ⎠

Best of epoch at R=0.618607
-> Raw expression : 
-c₂⋅(Ωₘ + c₁⋅c₁⋅σ₈⋅(-c₀ + c₁) - c₁ + c₂)


/Users/arnablahiry/miniforge3/envs/phi-so/lib/python3.12/site-packages/physo/physym/prior.py:557: UserWarning: No trigonometric functions detected, (NestedTrigonometryPrior (tokens = [], max nesting level = 2)), this prior will be ignored.
  warnings.warn("No trigonometric functions detected, (%s), this prior will be ignored." % (self))
=========== Epoch 00051 ===========
-> Time 77.93 s
-> Memory Usage: 381.28 MB

Overall best  at R=0.720160
-> Raw expression : 
    ⎛      σ₈ - (-Ωₘ⋅c₀⋅(c₁ + c₂) + c₁)⎞
-log⎝c₂ + ℯ                            ⎠

Best of epoch at R=0.611896
-> Raw expression : 
(Ωₘ - (c₀ - (-c₁ + σ₈)))⋅c₁⋅1.0


/Users/arnablahiry/miniforge3/envs/phi-so/lib/python3.12/site-packages/physo/physym/prior.py:557: UserWarning: No trigonometric functions detected, (NestedTrigonometryPrior (tokens = [], max nesting level = 2)), this prior will be ignored.
  warnings.warn("No trigonometric functions detected, (%s), this prior will be ignored." % (self))
=========== Epoch 00052 ===========
-> Time 52.67 s
-> Memory Usage: 513.98 MB

Overall best  at R=0.720160
-> Raw expression : 
    ⎛      σ₈ - (-Ωₘ⋅c₀⋅(c₁ + c₂) + c₁)⎞
-log⎝c₂ + ℯ                            ⎠

Best of epoch at R=0.578959
-> Raw expression : 
                   1                   
───────────────────────────────────────
c₀⋅(-c₁⋅σ₈ + c₂⋅σ₈⋅(c₀ + σ₈) - σ₈) + c₀


/Users/arnablahiry/miniforge3/envs/phi-so/lib/python3.12/site-packages/physo/physym/prior.py:557: UserWarning: No trigonometric functions detected, (NestedTrigonometryPrior (tokens = [], max nesting level = 2)), this prior will be ignored.
  warnings.warn("No trigonometric functions detected, (%s), this prior will be ignored." % (self))
=========== Epoch 00053 ===========
-> Time 57.74 s
-> Memory Usage: 543.52 MB

Overall best  at R=0.720160
-> Raw expression : 
    ⎛      σ₈ - (-Ωₘ⋅c₀⋅(c₁ + c₂) + c₁)⎞
-log⎝c₂ + ℯ                            ⎠

Best of epoch at R=0.578862
-> Raw expression : 
                σ₈⋅(c₀⋅σ₈ + c₂)
(c₀ + c₀ - c₁)⋅ℯ               


/Users/arnablahiry/miniforge3/envs/phi-so/lib/python3.12/site-packages/physo/physym/prior.py:557: UserWarning: No trigonometric functions detected, (NestedTrigonometryPrior (tokens = [], max nesting level = 2)), this prior will be ignored.
  warnings.warn("No trigonometric functions detected, (%s), this prior will be ignored." % (self))
=========== Epoch 00054 ===========
-> Time 56.90 s
-> Memory Usage: 530.47 MB

Overall best  at R=0.720160
-> Raw expression : 
    ⎛      σ₈ - (-Ωₘ⋅c₀⋅(c₁ + c₂) + c₁)⎞
-log⎝c₂ + ℯ                            ⎠

Best of epoch at R=0.625235
-> Raw expression : 
            -Ωₘ + c₀ + c₁⋅σ₈ - c₁ + c₂ - σ₈
            ───────────────────────────────
                          c₀               
-c₁ + c₂ + ℯ                               


/Users/arnablahiry/miniforge3/envs/phi-so/lib/python3.12/site-packages/physo/physym/prior.py:557: UserWarning: No trigonometric functions detected, (NestedTrigonometryPrior (tokens = [], max nesting level = 2)), this prior will be ignored.
  warnings.warn("No trigonometric functions detected, (%s), this prior will be ignored." % (self))
=========== Epoch 00055 ===========
-> Time 85.47 s
-> Memory Usage: 540.72 MB

Overall best  at R=0.720160
-> Raw expression : 
    ⎛      σ₈ - (-Ωₘ⋅c₀⋅(c₁ + c₂) + c₁)⎞
-log⎝c₂ + ℯ                            ⎠

Best of epoch at R=0.578732
-> Raw expression : 
                ⎛       σ₈⋅(-c₁ + c₂ + σ₈)⎞
                ⎜       ──────────────────⎟
                ⎜               c₀        ⎟
-c₀ + c₁ + c₁ - ⎝-c₀ + ℯ                  ⎠


/Users/arnablahiry/miniforge3/envs/phi-so/lib/python3.12/site-packages/physo/physym/prior.py:557: UserWarning: No trigonometric functions detected, (NestedTrigonometryPrior (tokens = [], max nesting level = 2)), this prior will be ignored.
  warnings.warn("No trigonometric functions detected, (%s), this prior will be ignored." % (self))
=========== Epoch 00056 ===========
-> Time 84.61 s
-> Memory Usage: 549.88 MB

Overall best  at R=0.720160
-> Raw expression : 
    ⎛      σ₈ - (-Ωₘ⋅c₀⋅(c₁ + c₂) + c₁)⎞
-log⎝c₂ + ℯ                            ⎠

Best of epoch at R=0.611896
-> Raw expression : 
         ⎛    c₁⋅(-Ωₘ + c₂ - σ₈) + c₂ - 1.0⎞
         ⎜    ─────────────────────────────⎟
         ⎜                 c₂              ⎟
1.0 - log⎝c₀⋅ℯ                             ⎠


/Users/arnablahiry/miniforge3/envs/phi-so/lib/python3.12/site-packages/physo/physym/prior.py:557: UserWarning: No trigonometric functions detected, (NestedTrigonometryPrior (tokens = [], max nesting level = 2)), this prior will be ignored.
  warnings.warn("No trigonometric functions detected, (%s), this prior will be ignored." % (self))
=========== Epoch 00057 ===========
-> Time 58.43 s
-> Memory Usage: 544.67 MB

Overall best  at R=0.720160
-> Raw expression : 
    ⎛      σ₈ - (-Ωₘ⋅c₀⋅(c₁ + c₂) + c₁)⎞
-log⎝c₂ + ℯ                            ⎠

Best of epoch at R=0.702701
-> Raw expression : 
             ⎛          c₁ + σ₈⎞    
             ⎜      c₀⋅ℯ       ⎟  Ωₘ
c₀ + c₂ + σ₈⋅⎜-c₀ - ───────────⎟⋅ℯ  
             ⎝          σ₈     ⎠    


/Users/arnablahiry/miniforge3/envs/phi-so/lib/python3.12/site-packages/physo/physym/prior.py:557: UserWarning: No trigonometric functions detected, (NestedTrigonometryPrior (tokens = [], max nesting level = 2)), this prior will be ignored.
  warnings.warn("No trigonometric functions detected, (%s), this prior will be ignored." % (self))
=========== Epoch 00058 ===========
-> Time 64.81 s
-> Memory Usage: 548.61 MB

Overall best  at R=0.720160
-> Raw expression : 
    ⎛      σ₈ - (-Ωₘ⋅c₀⋅(c₁ + c₂) + c₁)⎞
-log⎝c₂ + ℯ                            ⎠

Best of epoch at R=0.683198
-> Raw expression : 
   ⎛                         c₀⋅(Ωₘ + σ₈)⎞
   ⎜       -(c₀ + c₂ + c₂) + ────────────⎟
   ⎜                              c₀     ⎟
log⎝-c₁ + ℯ                              ⎠


/Users/arnablahiry/miniforge3/envs/phi-so/lib/python3.12/site-packages/physo/physym/prior.py:557: UserWarning: No trigonometric functions detected, (NestedTrigonometryPrior (tokens = [], max nesting level = 2)), this prior will be ignored.
  warnings.warn("No trigonometric functions detected, (%s), this prior will be ignored." % (self))
=========== Epoch 00059 ===========
-> Time 60.08 s
-> Memory Usage: 552.16 MB

Overall best  at R=0.720160
-> Raw expression : 
    ⎛      σ₈ - (-Ωₘ⋅c₀⋅(c₁ + c₂) + c₁)⎞
-log⎝c₂ + ℯ                            ⎠

Best of epoch at R=0.604509
-> Raw expression : 
      c₁⋅(c₂ + σ₈⋅(Ωₘ + c₀ - c₂)) - c₁ + c₂
c₀ - ℯ                                     


/Users/arnablahiry/miniforge3/envs/phi-so/lib/python3.12/site-packages/physo/physym/prior.py:557: UserWarning: No trigonometric functions detected, (NestedTrigonometryPrior (tokens = [], max nesting level = 2)), this prior will be ignored.
  warnings.warn("No trigonometric functions detected, (%s), this prior will be ignored." % (self))
=========== Epoch 00060 ===========
-> Time 52.32 s
-> Memory Usage: 547.86 MB

Overall best  at R=0.720160
-> Raw expression : 
    ⎛      σ₈ - (-Ωₘ⋅c₀⋅(c₁ + c₂) + c₁)⎞
-log⎝c₂ + ℯ                            ⎠

Best of epoch at R=0.699723
-> Raw expression : 
                         2
⎛                     σ₈⎞ 
⎝-c₀ - (-Ωₘ⋅c₂ - c₁)⋅ℯ  ⎠ 


/Users/arnablahiry/miniforge3/envs/phi-so/lib/python3.12/site-packages/physo/physym/prior.py:557: UserWarning: No trigonometric functions detected, (NestedTrigonometryPrior (tokens = [], max nesting level = 2)), this prior will be ignored.
  warnings.warn("No trigonometric functions detected, (%s), this prior will be ignored." % (self))
=========== Epoch 00061 ===========
-> Time 48.26 s
-> Memory Usage: 550.56 MB

Overall best  at R=0.720160
-> Raw expression : 
    ⎛      σ₈ - (-Ωₘ⋅c₀⋅(c₁ + c₂) + c₁)⎞
-log⎝c₂ + ℯ                            ⎠

Best of epoch at R=0.621672
-> Raw expression : 
 c₁ - c₂⋅(σ₈⋅(σ₈ - (-Ωₘ + c₀ - c₁⋅c₁)) + σ₈)
ℯ                                           


/Users/arnablahiry/miniforge3/envs/phi-so/lib/python3.12/site-packages/physo/physym/prior.py:557: UserWarning: No trigonometric functions detected, (NestedTrigonometryPrior (tokens = [], max nesting level = 2)), this prior will be ignored.
  warnings.warn("No trigonometric functions detected, (%s), this prior will be ignored." % (self))
=========== Epoch 00062 ===========
-> Time 58.40 s
-> Memory Usage: 549.94 MB

Overall best  at R=0.720160
-> Raw expression : 
    ⎛      σ₈ - (-Ωₘ⋅c₀⋅(c₁ + c₂) + c₁)⎞
-log⎝c₂ + ℯ                            ⎠

Best of epoch at R=0.646492
-> Raw expression : 
       c₂⋅(-σ₈ + -Ωₘ⋅c₀⋅σ₈ - c₁) + c₂
-c₂ - ℯ                              


/Users/arnablahiry/miniforge3/envs/phi-so/lib/python3.12/site-packages/physo/physym/prior.py:557: UserWarning: No trigonometric functions detected, (NestedTrigonometryPrior (tokens = [], max nesting level = 2)), this prior will be ignored.
  warnings.warn("No trigonometric functions detected, (%s), this prior will be ignored." % (self))
=========== Epoch 00063 ===========
-> Time 57.67 s
-> Memory Usage: 530.55 MB

Overall best  at R=0.720160
-> Raw expression : 
    ⎛      σ₈ - (-Ωₘ⋅c₀⋅(c₁ + c₂) + c₁)⎞
-log⎝c₂ + ℯ                            ⎠

Best of epoch at R=0.626239
-> Raw expression : 
   ⎛          ⎛                σ₈⎞  c₀⋅c₂⎞
log⎜c₁ - c₂ + ⎜-Ωₘ - σ₈ - σ₈ + ──⎟⋅ℯ     ⎟
   ⎝          ⎝                c₀⎠       ⎠


/Users/arnablahiry/miniforge3/envs/phi-so/lib/python3.12/site-packages/physo/physym/prior.py:557: UserWarning: No trigonometric functions detected, (NestedTrigonometryPrior (tokens = [], max nesting level = 2)), this prior will be ignored.
  warnings.warn("No trigonometric functions detected, (%s), this prior will be ignored." % (self))
=========== Epoch 00064 ===========
-> Time 66.28 s
-> Memory Usage: 385.42 MB

Overall best  at R=0.720160
-> Raw expression : 
    ⎛      σ₈ - (-Ωₘ⋅c₀⋅(c₁ + c₂) + c₁)⎞
-log⎝c₂ + ℯ                            ⎠

Best of epoch at R=0.622287
-> Raw expression : 
 c₀⋅(c₁ - (c₂⋅-c₁⋅(Ωₘ + c₁ + c₂) + σ₈)) + c₁
ℯ                                           


/Users/arnablahiry/miniforge3/envs/phi-so/lib/python3.12/site-packages/physo/physym/prior.py:557: UserWarning: No trigonometric functions detected, (NestedTrigonometryPrior (tokens = [], max nesting level = 2)), this prior will be ignored.
  warnings.warn("No trigonometric functions detected, (%s), this prior will be ignored." % (self))
=========== Epoch 00065 ===========
-> Time 61.65 s
-> Memory Usage: 389.12 MB

Overall best  at R=0.720160
-> Raw expression : 
    ⎛      σ₈ - (-Ωₘ⋅c₀⋅(c₁ + c₂) + c₁)⎞
-log⎝c₂ + ℯ                            ⎠

Best of epoch at R=0.625609
-> Raw expression : 
Ωₘ⋅c₁ - (-c₀ + -c₂⋅(c₂ + σ₈))


/Users/arnablahiry/miniforge3/envs/phi-so/lib/python3.12/site-packages/physo/physym/prior.py:557: UserWarning: No trigonometric functions detected, (NestedTrigonometryPrior (tokens = [], max nesting level = 2)), this prior will be ignored.
  warnings.warn("No trigonometric functions detected, (%s), this prior will be ignored." % (self))
=========== Epoch 00066 ===========
-> Time 56.51 s
-> Memory Usage: 554.59 MB

Overall best  at R=0.720160
-> Raw expression : 
    ⎛      σ₈ - (-Ωₘ⋅c₀⋅(c₁ + c₂) + c₁)⎞
-log⎝c₂ + ℯ                            ⎠

Best of epoch at R=0.624358
-> Raw expression : 
        ⎛                          Ωₘ⋅c₀⎞
c₁ + c₂⋅⎝Ωₘ + c₀ - c₁ + c₁ + σ₈ - ℯ     ⎠


/Users/arnablahiry/miniforge3/envs/phi-so/lib/python3.12/site-packages/physo/physym/prior.py:557: UserWarning: No trigonometric functions detected, (NestedTrigonometryPrior (tokens = [], max nesting level = 2)), this prior will be ignored.
  warnings.warn("No trigonometric functions detected, (%s), this prior will be ignored." % (self))
=========== Epoch 00067 ===========
-> Time 68.62 s
-> Memory Usage: 553.03 MB

Overall best  at R=0.720160
-> Raw expression : 
    ⎛      σ₈ - (-Ωₘ⋅c₀⋅(c₁ + c₂) + c₁)⎞
-log⎝c₂ + ℯ                            ⎠

Best of epoch at R=0.623419
-> Raw expression : 
   ⎛                 c₁⎞         c₁
c₀⋅⎝-(-Ωₘ - 2⋅σ₈) + ℯ  ⎠ + c₂ + ℯ  


/Users/arnablahiry/miniforge3/envs/phi-so/lib/python3.12/site-packages/physo/physym/prior.py:557: UserWarning: No trigonometric functions detected, (NestedTrigonometryPrior (tokens = [], max nesting level = 2)), this prior will be ignored.
  warnings.warn("No trigonometric functions detected, (%s), this prior will be ignored." % (self))
=========== Epoch 00068 ===========
-> Time 48.88 s
-> Memory Usage: 547.94 MB

Overall best  at R=0.720160
-> Raw expression : 
    ⎛      σ₈ - (-Ωₘ⋅c₀⋅(c₁ + c₂) + c₁)⎞
-log⎝c₂ + ℯ                            ⎠

Best of epoch at R=0.665298
-> Raw expression : 
                 c₀ - c₁ + c₂ + σ₈     
c₀⋅c₁⋅(Ωₘ + σ₈)⋅ℯ                  - c₂


/Users/arnablahiry/miniforge3/envs/phi-so/lib/python3.12/site-packages/physo/physym/prior.py:557: UserWarning: No trigonometric functions detected, (NestedTrigonometryPrior (tokens = [], max nesting level = 2)), this prior will be ignored.
  warnings.warn("No trigonometric functions detected, (%s), this prior will be ignored." % (self))
=========== Epoch 00069 ===========
-> Time 62.24 s
-> Memory Usage: 548.33 MB

Overall best  at R=0.720160
-> Raw expression : 
    ⎛      σ₈ - (-Ωₘ⋅c₀⋅(c₁ + c₂) + c₁)⎞
-log⎝c₂ + ℯ                            ⎠

Best of epoch at R=0.614521
-> Raw expression : 
    ⎛   ⎛   ⎛         Ωₘ⎞     ⎞          ⎞
-c₀⋅⎝c₀⋅⎝c₀⋅⎝c₁⋅σ₈ + ℯ  ⎠ + c₀⎠ + c₀ - c₂⎠


/Users/arnablahiry/miniforge3/envs/phi-so/lib/python3.12/site-packages/physo/physym/prior.py:557: UserWarning: No trigonometric functions detected, (NestedTrigonometryPrior (tokens = [], max nesting level = 2)), this prior will be ignored.
  warnings.warn("No trigonometric functions detected, (%s), this prior will be ignored." % (self))
=========== Epoch 00070 ===========
-> Time 61.01 s
-> Memory Usage: 551.20 MB

Overall best  at R=0.720160
-> Raw expression : 
    ⎛      σ₈ - (-Ωₘ⋅c₀⋅(c₁ + c₂) + c₁)⎞
-log⎝c₂ + ℯ                            ⎠

Best of epoch at R=0.611895
-> Raw expression : 
       c₁       
────────────────
⎛      c₀      ⎞
⎜──────────────⎟
⎝c₂ - (Ωₘ + σ₈)⎠


/Users/arnablahiry/miniforge3/envs/phi-so/lib/python3.12/site-packages/physo/physym/prior.py:557: UserWarning: No trigonometric functions detected, (NestedTrigonometryPrior (tokens = [], max nesting level = 2)), this prior will be ignored.
  warnings.warn("No trigonometric functions detected, (%s), this prior will be ignored." % (self))
=========== Epoch 00071 ===========
-> Time 44.41 s
-> Memory Usage: 559.05 MB

Overall best  at R=0.720160
-> Raw expression : 
    ⎛      σ₈ - (-Ωₘ⋅c₀⋅(c₁ + c₂) + c₁)⎞
-log⎝c₂ + ℯ                            ⎠

Best of epoch at R=0.606227
-> Raw expression : 
       c₂        
─────────────────
Ωₘ + c₀ + c₁ + σ₈


/Users/arnablahiry/miniforge3/envs/phi-so/lib/python3.12/site-packages/physo/physym/prior.py:557: UserWarning: No trigonometric functions detected, (NestedTrigonometryPrior (tokens = [], max nesting level = 2)), this prior will be ignored.
  warnings.warn("No trigonometric functions detected, (%s), this prior will be ignored." % (self))
=========== Epoch 00072 ===========
-> Time 43.81 s
-> Memory Usage: 553.95 MB

Overall best  at R=0.720160
-> Raw expression : 
    ⎛      σ₈ - (-Ωₘ⋅c₀⋅(c₁ + c₂) + c₁)⎞
-log⎝c₂ + ℯ                            ⎠

Best of epoch at R=0.625609
-> Raw expression : 
c₁⋅σ₈ - (Ωₘ⋅(c₀ + c₂) - c₁ + c₂ + σ₈)


/Users/arnablahiry/miniforge3/envs/phi-so/lib/python3.12/site-packages/physo/physym/prior.py:557: UserWarning: No trigonometric functions detected, (NestedTrigonometryPrior (tokens = [], max nesting level = 2)), this prior will be ignored.
  warnings.warn("No trigonometric functions detected, (%s), this prior will be ignored." % (self))
=========== Epoch 00073 ===========
-> Time 40.39 s
-> Memory Usage: 537.36 MB

Overall best  at R=0.720160
-> Raw expression : 
    ⎛      σ₈ - (-Ωₘ⋅c₀⋅(c₁ + c₂) + c₁)⎞
-log⎝c₂ + ℯ                            ⎠

Best of epoch at R=0.684560
-> Raw expression : 
                                   2
⎛ c₀⋅(Ωₘ + c₂)⋅(c₂ + σ₈ + σ₈) + c₁⎞ 
⎝ℯ                                ⎠ 


/Users/arnablahiry/miniforge3/envs/phi-so/lib/python3.12/site-packages/physo/physym/prior.py:557: UserWarning: No trigonometric functions detected, (NestedTrigonometryPrior (tokens = [], max nesting level = 2)), this prior will be ignored.
  warnings.warn("No trigonometric functions detected, (%s), this prior will be ignored." % (self))
=========== Epoch 00074 ===========
-> Time 47.25 s
-> Memory Usage: 557.31 MB

Overall best  at R=0.720160
-> Raw expression : 
    ⎛      σ₈ - (-Ωₘ⋅c₀⋅(c₁ + c₂) + c₁)⎞
-log⎝c₂ + ℯ                            ⎠

Best of epoch at R=0.623698
-> Raw expression : 
      -σ₈⋅(c₀ + c₁⋅(-Ωₘ - σ₈))
c₂ - ℯ                        


/Users/arnablahiry/miniforge3/envs/phi-so/lib/python3.12/site-packages/physo/physym/prior.py:557: UserWarning: No trigonometric functions detected, (NestedTrigonometryPrior (tokens = [], max nesting level = 2)), this prior will be ignored.
  warnings.warn("No trigonometric functions detected, (%s), this prior will be ignored." % (self))
=========== Epoch 00075 ===========
-> Time 63.57 s
-> Memory Usage: 557.12 MB

Overall best  at R=0.720160
-> Raw expression : 
    ⎛      σ₈ - (-Ωₘ⋅c₀⋅(c₁ + c₂) + c₁)⎞
-log⎝c₂ + ℯ                            ⎠

Best of epoch at R=0.711649
-> Raw expression : 
      c₂⋅σ₈    Ωₘ - c₁ + c₂ + σ₈
c₀ + ℯ      - ℯ                 


/Users/arnablahiry/miniforge3/envs/phi-so/lib/python3.12/site-packages/physo/physym/prior.py:557: UserWarning: No trigonometric functions detected, (NestedTrigonometryPrior (tokens = [], max nesting level = 2)), this prior will be ignored.
  warnings.warn("No trigonometric functions detected, (%s), this prior will be ignored." % (self))
=========== Epoch 00076 ===========
-> Time 43.39 s
-> Memory Usage: 550.69 MB

Overall best  at R=0.720160
-> Raw expression : 
    ⎛      σ₈ - (-Ωₘ⋅c₀⋅(c₁ + c₂) + c₁)⎞
-log⎝c₂ + ℯ                            ⎠

Best of epoch at R=0.683803
-> Raw expression : 
  2    c₀ + c₀ - 1.0⋅(-Ωₘ + c₁ - σ₈)
c₂  - ℯ                             


/Users/arnablahiry/miniforge3/envs/phi-so/lib/python3.12/site-packages/physo/physym/prior.py:557: UserWarning: No trigonometric functions detected, (NestedTrigonometryPrior (tokens = [], max nesting level = 2)), this prior will be ignored.
  warnings.warn("No trigonometric functions detected, (%s), this prior will be ignored." % (self))
=========== Epoch 00077 ===========
-> Time 44.57 s
-> Memory Usage: 552.97 MB

Overall best  at R=0.720160
-> Raw expression : 
    ⎛      σ₈ - (-Ωₘ⋅c₀⋅(c₁ + c₂) + c₁)⎞
-log⎝c₂ + ℯ                            ⎠

Best of epoch at R=0.611896
-> Raw expression : 
c₁⋅(-c₀⋅(-Ωₘ + c₁ - σ₈) - c₂ - c₂)


/Users/arnablahiry/miniforge3/envs/phi-so/lib/python3.12/site-packages/physo/physym/prior.py:557: UserWarning: No trigonometric functions detected, (NestedTrigonometryPrior (tokens = [], max nesting level = 2)), this prior will be ignored.
  warnings.warn("No trigonometric functions detected, (%s), this prior will be ignored." % (self))
=========== Epoch 00078 ===========
-> Time 37.56 s
-> Memory Usage: 406.72 MB

Overall best  at R=0.720160
-> Raw expression : 
    ⎛      σ₈ - (-Ωₘ⋅c₀⋅(c₁ + c₂) + c₁)⎞
-log⎝c₂ + ℯ                            ⎠

Best of epoch at R=0.626334
-> Raw expression : 
log(c₂⋅(-c₀ + c₂⋅(c₁⋅(Ωₘ - c₀ - c₁) + σ₈) - c₂) - σ₈)


/Users/arnablahiry/miniforge3/envs/phi-so/lib/python3.12/site-packages/physo/physym/prior.py:557: UserWarning: No trigonometric functions detected, (NestedTrigonometryPrior (tokens = [], max nesting level = 2)), this prior will be ignored.
  warnings.warn("No trigonometric functions detected, (%s), this prior will be ignored." % (self))
=========== Epoch 00079 ===========
-> Time 37.37 s
-> Memory Usage: 395.92 MB

Overall best  at R=0.720160
-> Raw expression : 
    ⎛      σ₈ - (-Ωₘ⋅c₀⋅(c₁ + c₂) + c₁)⎞
-log⎝c₂ + ℯ                            ⎠

Best of epoch at R=0.612781
-> Raw expression : 
                                            0.5
           ⎛   ⎛     ⎛            Ωₘ⎞     ⎞⎞   
c₀ - c₁⋅c₁⋅⎝c₁⋅⎝- c₂⋅⎝-c₁ + σ₈ + ℯ  ⎠ - σ₈⎠⎠   


/Users/arnablahiry/miniforge3/envs/phi-so/lib/python3.12/site-packages/physo/physym/prior.py:557: UserWarning: No trigonometric functions detected, (NestedTrigonometryPrior (tokens = [], max nesting level = 2)), this prior will be ignored.
  warnings.warn("No trigonometric functions detected, (%s), this prior will be ignored." % (self))
=========== Epoch 00080 ===========
-> Time 36.60 s
-> Memory Usage: 560.42 MB

Overall best  at R=0.720160
-> Raw expression : 
    ⎛      σ₈ - (-Ωₘ⋅c₀⋅(c₁ + c₂) + c₁)⎞
-log⎝c₂ + ℯ                            ⎠

Best of epoch at R=0.625610
-> Raw expression : 
        ⎛             ⎛       0.5⎞⎞          
Ωₘ + c₁⋅⎝Ωₘ - c₁ + σ₈⋅⎝c₀ - c₁   ⎠⎠ + c₁ - c₂


/Users/arnablahiry/miniforge3/envs/phi-so/lib/python3.12/site-packages/physo/physym/prior.py:557: UserWarning: No trigonometric functions detected, (NestedTrigonometryPrior (tokens = [], max nesting level = 2)), this prior will be ignored.
  warnings.warn("No trigonometric functions detected, (%s), this prior will be ignored." % (self))
=========== Epoch 00081 ===========
-> Time 35.95 s
-> Memory Usage: 555.67 MB

Overall best  at R=0.720160
-> Raw expression : 
    ⎛      σ₈ - (-Ωₘ⋅c₀⋅(c₁ + c₂) + c₁)⎞
-log⎝c₂ + ℯ                            ⎠

Best of epoch at R=0.659542
-> Raw expression : 
      ⎛       c₂⋅σ₈     ⎞     
      ⎜Ωₘ⋅c₀⋅ℯ          ⎟     
c₀⋅c₁⋅⎜──────────── + σ₈⎟ + c₁
      ⎝     c₀          ⎠     


/Users/arnablahiry/miniforge3/envs/phi-so/lib/python3.12/site-packages/physo/physym/prior.py:557: UserWarning: No trigonometric functions detected, (NestedTrigonometryPrior (tokens = [], max nesting level = 2)), this prior will be ignored.
  warnings.warn("No trigonometric functions detected, (%s), this prior will be ignored." % (self))
=========== Epoch 00082 ===========
-> Time 34.86 s
-> Memory Usage: 564.12 MB

Overall best  at R=0.720160
-> Raw expression : 
    ⎛      σ₈ - (-Ωₘ⋅c₀⋅(c₁ + c₂) + c₁)⎞
-log⎝c₂ + ℯ                            ⎠

Best of epoch at R=0.697873
-> Raw expression : 
                                           2
⎛      Ωₘ + c₀⋅c₁⋅(c₀ + c₂ - σ₈) - c₁ + σ₈⎞ 
⎝c₂ + ℯ                                   ⎠ 


/Users/arnablahiry/miniforge3/envs/phi-so/lib/python3.12/site-packages/physo/physym/prior.py:557: UserWarning: No trigonometric functions detected, (NestedTrigonometryPrior (tokens = [], max nesting level = 2)), this prior will be ignored.
  warnings.warn("No trigonometric functions detected, (%s), this prior will be ignored." % (self))
=========== Epoch 00083 ===========
-> Time 54.88 s
-> Memory Usage: 270.53 MB

Overall best  at R=0.720160
-> Raw expression : 
    ⎛      σ₈ - (-Ωₘ⋅c₀⋅(c₁ + c₂) + c₁)⎞
-log⎝c₂ + ℯ                            ⎠

Best of epoch at R=0.652064
-> Raw expression : 
             c₂              
─────────────────────────────
                          0.5
   ⎛         Ωₘ - c₂ + σ₈⎞   
c₂⋅⎝c₀ + c₂⋅ℯ            ⎠   


/Users/arnablahiry/miniforge3/envs/phi-so/lib/python3.12/site-packages/physo/physym/prior.py:557: UserWarning: No trigonometric functions detected, (NestedTrigonometryPrior (tokens = [], max nesting level = 2)), this prior will be ignored.
  warnings.warn("No trigonometric functions detected, (%s), this prior will be ignored." % (self))
=========== Epoch 00084 ===========
-> Time 46.99 s
-> Memory Usage: 543.69 MB

Overall best  at R=0.720160
-> Raw expression : 
    ⎛      σ₈ - (-Ωₘ⋅c₀⋅(c₁ + c₂) + c₁)⎞
-log⎝c₂ + ℯ                            ⎠

Best of epoch at R=0.622976
-> Raw expression : 
               Ωₘ⋅(-c₀ + c₂)
(-c₁ + c₂⋅σ₈)⋅ℯ             


/Users/arnablahiry/miniforge3/envs/phi-so/lib/python3.12/site-packages/physo/physym/prior.py:557: UserWarning: No trigonometric functions detected, (NestedTrigonometryPrior (tokens = [], max nesting level = 2)), this prior will be ignored.
  warnings.warn("No trigonometric functions detected, (%s), this prior will be ignored." % (self))
=========== Epoch 00085 ===========
-> Time 38.35 s
-> Memory Usage: 554.22 MB

Overall best  at R=0.720160
-> Raw expression : 
    ⎛      σ₈ - (-Ωₘ⋅c₀⋅(c₁ + c₂) + c₁)⎞
-log⎝c₂ + ℯ                            ⎠

Best of epoch at R=0.622289
-> Raw expression : 
 c₀ + c₁⋅σ₈ + c₂ - σ₈ - (c₀⋅(Ωₘ⋅c₂ + σ₈) + c₀)
ℯ                                             


/Users/arnablahiry/miniforge3/envs/phi-so/lib/python3.12/site-packages/physo/physym/prior.py:557: UserWarning: No trigonometric functions detected, (NestedTrigonometryPrior (tokens = [], max nesting level = 2)), this prior will be ignored.
  warnings.warn("No trigonometric functions detected, (%s), this prior will be ignored." % (self))
=========== Epoch 00086 ===========
-> Time 45.13 s
-> Memory Usage: 563.81 MB

Overall best  at R=0.720160
-> Raw expression : 
    ⎛      σ₈ - (-Ωₘ⋅c₀⋅(c₁ + c₂) + c₁)⎞
-log⎝c₂ + ℯ                            ⎠

Best of epoch at R=0.714268
-> Raw expression : 
      σ₈ - (c₁ - (c₀⋅c₂⋅(Ωₘ - c₁) + c₁))
c₂ - ℯ                                  


/Users/arnablahiry/miniforge3/envs/phi-so/lib/python3.12/site-packages/physo/physym/prior.py:557: UserWarning: No trigonometric functions detected, (NestedTrigonometryPrior (tokens = [], max nesting level = 2)), this prior will be ignored.
  warnings.warn("No trigonometric functions detected, (%s), this prior will be ignored." % (self))
=========== Epoch 00087 ===========
-> Time 66.49 s
-> Memory Usage: 560.05 MB

Overall best  at R=0.720160
-> Raw expression : 
    ⎛      σ₈ - (-Ωₘ⋅c₀⋅(c₁ + c₂) + c₁)⎞
-log⎝c₂ + ℯ                            ⎠

Best of epoch at R=0.616029
-> Raw expression : 
   ⎛   ⎛                 1.0⎞          ⎞
log⎝c₀⋅⎝Ωₘ + (-c₀ + σ₈)⋅ℯ   ⎠ - c₁ + c₂⎠


/Users/arnablahiry/miniforge3/envs/phi-so/lib/python3.12/site-packages/physo/physym/prior.py:557: UserWarning: No trigonometric functions detected, (NestedTrigonometryPrior (tokens = [], max nesting level = 2)), this prior will be ignored.
  warnings.warn("No trigonometric functions detected, (%s), this prior will be ignored." % (self))
=========== Epoch 00088 ===========
-> Time 80.67 s
-> Memory Usage: 562.00 MB

Overall best  at R=0.720160
-> Raw expression : 
    ⎛      σ₈ - (-Ωₘ⋅c₀⋅(c₁ + c₂) + c₁)⎞
-log⎝c₂ + ℯ                            ⎠

Best of epoch at R=0.711194
-> Raw expression : 
    ⎛        ⎛                 Ωₘ + σ₈⎞    c₁⎞
-c₁⋅⎝- c₀⋅c₂⋅⎝-c₀ - c₂ + σ₈ + ℯ       ⎠ + ℯ  ⎠


/Users/arnablahiry/miniforge3/envs/phi-so/lib/python3.12/site-packages/physo/physym/prior.py:557: UserWarning: No trigonometric functions detected, (NestedTrigonometryPrior (tokens = [], max nesting level = 2)), this prior will be ignored.
  warnings.warn("No trigonometric functions detected, (%s), this prior will be ignored." % (self))
=========== Epoch 00089 ===========
-> Time 73.98 s
-> Memory Usage: 398.19 MB

Overall best  at R=0.720160
-> Raw expression : 
    ⎛      σ₈ - (-Ωₘ⋅c₀⋅(c₁ + c₂) + c₁)⎞
-log⎝c₂ + ℯ                            ⎠

Best of epoch at R=0.683804
-> Raw expression : 
     ⎛     c₀ + σ₈ - (-Ωₘ + c₀ - c₁)          ⎞
c₀ - ⎝c₀⋅-ℯ                          + c₂ + c₂⎠


/Users/arnablahiry/miniforge3/envs/phi-so/lib/python3.12/site-packages/physo/physym/prior.py:557: UserWarning: No trigonometric functions detected, (NestedTrigonometryPrior (tokens = [], max nesting level = 2)), this prior will be ignored.
  warnings.warn("No trigonometric functions detected, (%s), this prior will be ignored." % (self))
=========== Epoch 00090 ===========
-> Time 80.90 s
-> Memory Usage: 239.36 MB

Overall best  at R=0.720160
-> Raw expression : 
    ⎛      σ₈ - (-Ωₘ⋅c₀⋅(c₁ + c₂) + c₁)⎞
-log⎝c₂ + ℯ                            ⎠

Best of epoch at R=0.709859
-> Raw expression : 
     ⎛      Ωₘ⋅c₁ + σ₈⎞          
- c₀⋅⎝c₂ + ℯ          ⎠ + c₁ - c₂


/Users/arnablahiry/miniforge3/envs/phi-so/lib/python3.12/site-packages/physo/physym/prior.py:557: UserWarning: No trigonometric functions detected, (NestedTrigonometryPrior (tokens = [], max nesting level = 2)), this prior will be ignored.
  warnings.warn("No trigonometric functions detected, (%s), this prior will be ignored." % (self))
=========== Epoch 00091 ===========
-> Time 44.68 s
-> Memory Usage: 548.25 MB

Overall best  at R=0.720160
-> Raw expression : 
    ⎛      σ₈ - (-Ωₘ⋅c₀⋅(c₁ + c₂) + c₁)⎞
-log⎝c₂ + ℯ                            ⎠

Best of epoch at R=0.719709
-> Raw expression : 
           σ₈ - (Ωₘ⋅(c₀ + c₂) + c₀ + c₀)
c₀ - c₁ - ℯ                             


/Users/arnablahiry/miniforge3/envs/phi-so/lib/python3.12/site-packages/physo/physym/prior.py:557: UserWarning: No trigonometric functions detected, (NestedTrigonometryPrior (tokens = [], max nesting level = 2)), this prior will be ignored.
  warnings.warn("No trigonometric functions detected, (%s), this prior will be ignored." % (self))
=========== Epoch 00092 ===========
-> Time 56.77 s
-> Memory Usage: 553.00 MB

Overall best  at R=0.720160
-> Raw expression : 
    ⎛      σ₈ - (-Ωₘ⋅c₀⋅(c₁ + c₂) + c₁)⎞
-log⎝c₂ + ℯ                            ⎠

Best of epoch at R=0.629060
-> Raw expression : 
      --c₂⋅(σ₈⋅(Ωₘ - c₁) - σ₈) + σ₈     
- c₁⋅ℯ                              + c₂


/Users/arnablahiry/miniforge3/envs/phi-so/lib/python3.12/site-packages/physo/physym/prior.py:557: UserWarning: No trigonometric functions detected, (NestedTrigonometryPrior (tokens = [], max nesting level = 2)), this prior will be ignored.
  warnings.warn("No trigonometric functions detected, (%s), this prior will be ignored." % (self))
=========== Epoch 00093 ===========
-> Time 78.58 s
-> Memory Usage: 569.88 MB

Overall best  at R=0.720160
-> Raw expression : 
    ⎛      σ₈ - (-Ωₘ⋅c₀⋅(c₁ + c₂) + c₁)⎞
-log⎝c₂ + ℯ                            ⎠

Best of epoch at R=0.702842
-> Raw expression : 
                   1                   
───────────────────────────────────────
                 c₀⋅(Ωₘ - σ₈) + c₁ + σ₈
-c₁ + c₁ + c₂ + ℯ                      


/Users/arnablahiry/miniforge3/envs/phi-so/lib/python3.12/site-packages/physo/physym/prior.py:557: UserWarning: No trigonometric functions detected, (NestedTrigonometryPrior (tokens = [], max nesting level = 2)), this prior will be ignored.
  warnings.warn("No trigonometric functions detected, (%s), this prior will be ignored." % (self))
=========== Epoch 00094 ===========
-> Time 63.81 s
-> Memory Usage: 576.06 MB

Overall best  at R=0.720160
-> Raw expression : 
    ⎛      σ₈ - (-Ωₘ⋅c₀⋅(c₁ + c₂) + c₁)⎞
-log⎝c₂ + ℯ                            ⎠

Best of epoch at R=0.623937
-> Raw expression : 
                               2
(Ωₘ⋅-c₀ + c₀ + c₁⋅σ₈ + c₁ + c₂) 


/Users/arnablahiry/miniforge3/envs/phi-so/lib/python3.12/site-packages/physo/physym/prior.py:557: UserWarning: No trigonometric functions detected, (NestedTrigonometryPrior (tokens = [], max nesting level = 2)), this prior will be ignored.
  warnings.warn("No trigonometric functions detected, (%s), this prior will be ignored." % (self))
=========== Epoch 00095 ===========
-> Time 42.08 s
-> Memory Usage: 570.05 MB

Overall best  at R=0.720160
-> Raw expression : 
    ⎛      σ₈ - (-Ωₘ⋅c₀⋅(c₁ + c₂) + c₁)⎞
-log⎝c₂ + ℯ                            ⎠

Best of epoch at R=0.624890
-> Raw expression : 
       c₂⋅(Ωₘ + c₀)  c₀⋅c₁⋅σ₈
-c₁ + ℯ            ⋅ℯ        


/Users/arnablahiry/miniforge3/envs/phi-so/lib/python3.12/site-packages/physo/physym/prior.py:557: UserWarning: No trigonometric functions detected, (NestedTrigonometryPrior (tokens = [], max nesting level = 2)), this prior will be ignored.
  warnings.warn("No trigonometric functions detected, (%s), this prior will be ignored." % (self))
=========== Epoch 00096 ===========
-> Time 38.83 s
-> Memory Usage: 575.77 MB

Overall best  at R=0.720160
-> Raw expression : 
    ⎛      σ₈ - (-Ωₘ⋅c₀⋅(c₁ + c₂) + c₁)⎞
-log⎝c₂ + ℯ                            ⎠

Best of epoch at R=0.614538
-> Raw expression : 
     ⎛            σ₈⎞  c₂
c₀ + ⎝-Ωₘ + c₂ - ℯ  ⎠⋅ℯ  


/Users/arnablahiry/miniforge3/envs/phi-so/lib/python3.12/site-packages/physo/physym/prior.py:557: UserWarning: No trigonometric functions detected, (NestedTrigonometryPrior (tokens = [], max nesting level = 2)), this prior will be ignored.
  warnings.warn("No trigonometric functions detected, (%s), this prior will be ignored." % (self))
=========== Epoch 00097 ===========
-> Time 39.65 s
-> Memory Usage: 571.75 MB

Overall best  at R=0.720160
-> Raw expression : 
    ⎛      σ₈ - (-Ωₘ⋅c₀⋅(c₁ + c₂) + c₁)⎞
-log⎝c₂ + ℯ                            ⎠

Best of epoch at R=0.629026
-> Raw expression : 
                                              0.5
(c₀⋅(Ωₘ + c₁ + c₂ - σ₈⋅(-c₀ + c₁)) + -Ωₘ - σ₈)   


/Users/arnablahiry/miniforge3/envs/phi-so/lib/python3.12/site-packages/physo/physym/prior.py:557: UserWarning: No trigonometric functions detected, (NestedTrigonometryPrior (tokens = [], max nesting level = 2)), this prior will be ignored.
  warnings.warn("No trigonometric functions detected, (%s), this prior will be ignored." % (self))
=========== Epoch 00098 ===========
-> Time 36.94 s
-> Memory Usage: 406.30 MB

Overall best  at R=0.723285
-> Raw expression : 
                  1                  
─────────────────────────────────────
           c₀  c₁ + c₂⋅(Ωₘ + c₂) + σ₈
c₁ + c₂ + ℯ  ⋅ℯ                      

Best of epoch at R=0.723285
-> Raw expression : 
                  1                  
─────────────────────────────────────
           c₀  c₁ + c₂⋅(Ωₘ + c₂) + σ₈
c₁ + c₂ + ℯ  ⋅ℯ                      


=========== Epoch 00099 ===========
-> Time 50.51 s
-> Memory Usage: 412.64 MB

Overall best  at R=0.723285
-> Raw expression : 
                  1                  
─────────────────────────────────────
           c₀  c₁ + c₂⋅(Ωₘ + c₂) + σ₈
c₁ + c₂ + ℯ  ⋅ℯ                      

Best of epoch at R=0.622248
-> Raw expression : 
    c₀⋅(c₀ + σ₈) 
c₂⋅ℯ             
─────────────────
Ωₘ + c₁ + c₁ - c₂



L1NORM_SR_bin8_of20_res0_fp3_lloc10_lscale5_s42 : SR task finished
Best expression found:  [inv add add mul exp add add mul c2 add c2 Omega_m sigma_8 c1 exp c0 c2 c1]
